---------------------------------------------------------------
[ 2018-04-21T10:09:51+08:00 ] 127.0.0.1 GET /admin/user/login
[ info ] tp5.com/admin/user/login [运行时间：0.575994s][吞吐率：1.74req/s] [内存消耗：1,414.45kb] [文件加载：37]
[ info ] [ LANG ] E:\AppServ\www\thinkphp\lang\zh-cn.php
[ info ] [ ROUTE ] array (
  'type' => 'module',
  'module' => 
  array (
    0 => 'admin',
    1 => 'user',
    2 => 'login',
  ),
)
[ info ] [ HEADER ] array (
  'host' => 'tp5.com',
  'connection' => 'keep-alive',
  'upgrade-insecure-requests' => '1',
  'user-agent' => 'Mozilla/5.0 (Windows NT 10.0; WOW64) AppleWebKit/537.36 (KHTML, like Gecko) Chrome/55.0.2883.75 Safari/537.36 Maxthon/5.1.3.2000',
  'accept' => 'text/html,application/xhtml+xml,application/xml;q=0.9,image/webp,*/*;q=0.8',
  'dnt' => '1',
  'accept-encoding' => 'gzip, deflate',
  'accept-language' => 'zh-CN',
  'cookie' => 'pgv_pvi=3993230336',
)
[ info ] [ PARAM ] array (
)
[ info ] [ RUN ] app\admin\controller\User->login[ E:\AppServ\www\application\admin\controller\User.php ]
[ info ] [ LOG ] INIT File
---------------------------------------------------------------
[ 2018-04-21T10:10:48+08:00 ] 127.0.0.1 GET /admin/user/login
[ info ] tp5.com/admin/user/login [运行时间：0.106369s][吞吐率：9.40req/s] [内存消耗：1,445.47kb] [文件加载：41]
[ info ] [ LANG ] E:\AppServ\www\thinkphp\lang\zh-cn.php
[ info ] [ ROUTE ] array (
  'type' => 'module',
  'module' => 
  array (
    0 => 'admin',
    1 => 'user',
    2 => 'login',
  ),
)
[ info ] [ HEADER ] array (
  'host' => 'tp5.com',
  'connection' => 'keep-alive',
  'cache-control' => 'max-age=0',
  'upgrade-insecure-requests' => '1',
  'user-agent' => 'Mozilla/5.0 (Windows NT 10.0; WOW64) AppleWebKit/537.36 (KHTML, like Gecko) Chrome/55.0.2883.75 Safari/537.36 Maxthon/5.1.3.2000',
  'accept' => 'text/html,application/xhtml+xml,application/xml;q=0.9,image/webp,*/*;q=0.8',
  'dnt' => '1',
  'accept-encoding' => 'gzip, deflate',
  'accept-language' => 'zh-CN',
  'cookie' => 'thinkphp_show_page_trace=0|0; pgv_pvi=3993230336',
)
[ info ] [ PARAM ] array (
)
[ info ] [ RUN ] app\admin\controller\User->login[ E:\AppServ\www\application\admin\controller\User.php ]
[ info ] [ LOG ] INIT File
[ error ] [8]Array to string conversion[E:\AppServ\www\thinkphp\library\think\Request.php:982]
---------------------------------------------------------------
[ 2018-04-21T11:08:42+08:00 ] 127.0.0.1 GET /admin/user/loginindex
[ info ] tp5.com/admin/user/loginindex [运行时间：0.086832s][吞吐率：11.52req/s] [内存消耗：1,555.27kb] [文件加载：40]
[ info ] [ LANG ] E:\AppServ\www\thinkphp\lang\zh-cn.php
[ info ] [ ROUTE ] array (
  'type' => 'module',
  'module' => 
  array (
    0 => 'admin',
    1 => 'user',
    2 => 'loginindex',
  ),
)
[ info ] [ HEADER ] array (
  'host' => 'tp5.com',
  'connection' => 'keep-alive',
  'upgrade-insecure-requests' => '1',
  'user-agent' => 'Mozilla/5.0 (Windows NT 10.0; WOW64) AppleWebKit/537.36 (KHTML, like Gecko) Chrome/55.0.2883.75 Safari/537.36 Maxthon/5.1.3.2000',
  'accept' => 'text/html,application/xhtml+xml,application/xml;q=0.9,image/webp,*/*;q=0.8',
  'dnt' => '1',
  'accept-encoding' => 'gzip, deflate',
  'accept-language' => 'zh-CN',
  'cookie' => 'thinkphp_show_page_trace=0|0; pgv_pvi=3993230336',
)
[ info ] [ PARAM ] array (
)
[ info ] [ RUN ] app\admin\Controller\User->loginindex[ E:\AppServ\www\application\admin\controller\User.php ]
[ info ] [ VIEW ] E:\AppServ\www\public/../application/admin\view\user\login.html [ array (
) ]
[ info ] [ LOG ] INIT File
---------------------------------------------------------------
[ 2018-04-21T11:08:55+08:00 ] 127.0.0.1 GET /admin/user/loginindex
[ info ] tp5.com/admin/user/loginindex [运行时间：0.052235s][吞吐率：19.14req/s] [内存消耗：1,438.13kb] [文件加载：40]
[ info ] [ LANG ] E:\AppServ\www\thinkphp\lang\zh-cn.php
[ info ] [ ROUTE ] array (
  'type' => 'module',
  'module' => 
  array (
    0 => 'admin',
    1 => 'user',
    2 => 'loginindex',
  ),
)
[ info ] [ HEADER ] array (
  'host' => 'tp5.com',
  'connection' => 'keep-alive',
  'cache-control' => 'max-age=0',
  'upgrade-insecure-requests' => '1',
  'user-agent' => 'Mozilla/5.0 (Windows NT 10.0; WOW64) AppleWebKit/537.36 (KHTML, like Gecko) Chrome/55.0.2883.75 Safari/537.36 Maxthon/5.1.3.2000',
  'accept' => 'text/html,application/xhtml+xml,application/xml;q=0.9,image/webp,*/*;q=0.8',
  'dnt' => '1',
  'accept-encoding' => 'gzip, deflate',
  'accept-language' => 'zh-CN',
  'cookie' => 'thinkphp_show_page_trace=0|0; pgv_pvi=3993230336',
)
[ info ] [ PARAM ] array (
)
[ info ] [ RUN ] app\admin\Controller\User->loginindex[ E:\AppServ\www\application\admin\controller\User.php ]
[ info ] [ LOG ] INIT File
[ error ] [0]模板文件不存在:E:\AppServ\www\public/../application/admin\view\user\loginindex.html[E:\AppServ\www\thinkphp\library\think\view\driver\Think.php:80]
---------------------------------------------------------------
[ 2018-04-21T11:08:59+08:00 ] 127.0.0.1 GET /admin/user/loginindex
[ info ] tp5.com/admin/user/loginindex [运行时间：0.030393s][吞吐率：32.90req/s] [内存消耗：1,418.88kb] [文件加载：38]
[ info ] [ LANG ] E:\AppServ\www\thinkphp\lang\zh-cn.php
[ info ] [ ROUTE ] array (
  'type' => 'module',
  'module' => 
  array (
    0 => 'admin',
    1 => 'user',
    2 => 'loginindex',
  ),
)
[ info ] [ HEADER ] array (
  'host' => 'tp5.com',
  'connection' => 'keep-alive',
  'cache-control' => 'max-age=0',
  'upgrade-insecure-requests' => '1',
  'user-agent' => 'Mozilla/5.0 (Windows NT 10.0; WOW64) AppleWebKit/537.36 (KHTML, like Gecko) Chrome/55.0.2883.75 Safari/537.36 Maxthon/5.1.3.2000',
  'accept' => 'text/html,application/xhtml+xml,application/xml;q=0.9,image/webp,*/*;q=0.8',
  'dnt' => '1',
  'accept-encoding' => 'gzip, deflate',
  'accept-language' => 'zh-CN',
  'cookie' => 'thinkphp_show_page_trace=0|0; pgv_pvi=3993230336',
)
[ info ] [ PARAM ] array (
)
[ info ] [ RUN ] app\admin\Controller\User->loginindex[ E:\AppServ\www\application\admin\controller\User.php ]
[ info ] [ VIEW ] E:\AppServ\www\public/../application/admin\view\user\login.html [ array (
) ]
[ info ] [ LOG ] INIT File
---------------------------------------------------------------
[ 2018-04-21T11:12:53+08:00 ] 127.0.0.1 GET /admin/user/loginindex
[ info ] tp5.com/admin/user/loginindex [运行时间：0.047420s][吞吐率：21.09req/s] [内存消耗：1,555.56kb] [文件加载：40]
[ info ] [ LANG ] E:\AppServ\www\thinkphp\lang\zh-cn.php
[ info ] [ ROUTE ] array (
  'type' => 'module',
  'module' => 
  array (
    0 => 'admin',
    1 => 'user',
    2 => 'loginindex',
  ),
)
[ info ] [ HEADER ] array (
  'host' => 'tp5.com',
  'connection' => 'keep-alive',
  'cache-control' => 'max-age=0',
  'upgrade-insecure-requests' => '1',
  'user-agent' => 'Mozilla/5.0 (Windows NT 10.0; WOW64) AppleWebKit/537.36 (KHTML, like Gecko) Chrome/55.0.2883.75 Safari/537.36 Maxthon/5.1.3.2000',
  'accept' => 'text/html,application/xhtml+xml,application/xml;q=0.9,image/webp,*/*;q=0.8',
  'dnt' => '1',
  'accept-encoding' => 'gzip, deflate',
  'accept-language' => 'zh-CN',
  'cookie' => 'thinkphp_show_page_trace=0|0; pgv_pvi=3993230336',
)
[ info ] [ PARAM ] array (
)
[ info ] [ RUN ] app\admin\Controller\User->loginindex[ E:\AppServ\www\application\admin\controller\User.php ]
[ info ] [ VIEW ] E:\AppServ\www\public/../application/admin\view\user\loginindex.html [ array (
) ]
[ info ] [ LOG ] INIT File
---------------------------------------------------------------
[ 2018-04-21T11:14:31+08:00 ] 127.0.0.1 GET /admin/user/loginindex
[ info ] tp5.com/admin/user/loginindex [运行时间：0.054273s][吞吐率：18.43req/s] [内存消耗：1,431.39kb] [文件加载：39]
[ info ] [ LANG ] E:\AppServ\www\thinkphp\lang\zh-cn.php
[ info ] [ ROUTE ] array (
  'type' => 'module',
  'module' => 
  array (
    0 => 'admin',
    1 => 'user',
    2 => 'loginindex',
  ),
)
[ info ] [ HEADER ] array (
  'host' => 'tp5.com',
  'connection' => 'keep-alive',
  'cache-control' => 'max-age=0',
  'upgrade-insecure-requests' => '1',
  'user-agent' => 'Mozilla/5.0 (Windows NT 10.0; WOW64) AppleWebKit/537.36 (KHTML, like Gecko) Chrome/55.0.2883.75 Safari/537.36 Maxthon/5.1.3.2000',
  'accept' => 'text/html,application/xhtml+xml,application/xml;q=0.9,image/webp,*/*;q=0.8',
  'dnt' => '1',
  'accept-encoding' => 'gzip, deflate',
  'accept-language' => 'zh-CN',
  'cookie' => 'thinkphp_show_page_trace=0|0; pgv_pvi=3993230336',
)
[ info ] [ PARAM ] array (
)
[ info ] [ RUN ] app\admin\Controller\User->loginindex[ E:\AppServ\www\application\admin\controller\User.php ]
[ info ] [ VIEW ] E:\AppServ\www\public/../application/admin\view\user\loginindex.html [ array (
) ]
[ info ] [ LOG ] INIT File
---------------------------------------------------------------
[ 2018-04-21T11:14:46+08:00 ] 127.0.0.1 GET /admin/user/loginindex
[ info ] tp5.com/admin/user/loginindex [运行时间：0.030537s][吞吐率：32.75req/s] [内存消耗：1,431.38kb] [文件加载：39]
[ info ] [ LANG ] E:\AppServ\www\thinkphp\lang\zh-cn.php
[ info ] [ ROUTE ] array (
  'type' => 'module',
  'module' => 
  array (
    0 => 'admin',
    1 => 'user',
    2 => 'loginindex',
  ),
)
[ info ] [ HEADER ] array (
  'host' => 'tp5.com',
  'connection' => 'keep-alive',
  'cache-control' => 'max-age=0',
  'upgrade-insecure-requests' => '1',
  'user-agent' => 'Mozilla/5.0 (Windows NT 10.0; WOW64) AppleWebKit/537.36 (KHTML, like Gecko) Chrome/55.0.2883.75 Safari/537.36 Maxthon/5.1.3.2000',
  'accept' => 'text/html,application/xhtml+xml,application/xml;q=0.9,image/webp,*/*;q=0.8',
  'dnt' => '1',
  'accept-encoding' => 'gzip, deflate',
  'accept-language' => 'zh-CN',
  'cookie' => 'thinkphp_show_page_trace=0|0; pgv_pvi=3993230336',
)
[ info ] [ PARAM ] array (
)
[ info ] [ RUN ] app\admin\Controller\User->loginindex[ E:\AppServ\www\application\admin\controller\User.php ]
[ info ] [ VIEW ] E:\AppServ\www\public/../application/admin\view\user\loginindex.html [ array (
) ]
[ info ] [ LOG ] INIT File
---------------------------------------------------------------
[ 2018-04-21T11:18:05+08:00 ] 127.0.0.1 GET /admin/user/loginindex
[ info ] tp5.com/admin/user/loginindex [运行时间：0.062581s][吞吐率：15.98req/s] [内存消耗：1,629.55kb] [文件加载：42]
[ info ] [ LANG ] E:\AppServ\www\thinkphp\lang\zh-cn.php
[ info ] [ ROUTE ] array (
  'type' => 'module',
  'module' => 
  array (
    0 => 'admin',
    1 => 'user',
    2 => 'loginindex',
  ),
)
[ info ] [ HEADER ] array (
  'host' => 'tp5.com',
  'connection' => 'keep-alive',
  'cache-control' => 'max-age=0',
  'upgrade-insecure-requests' => '1',
  'user-agent' => 'Mozilla/5.0 (Windows NT 10.0; WOW64) AppleWebKit/537.36 (KHTML, like Gecko) Chrome/55.0.2883.75 Safari/537.36 Maxthon/5.1.3.2000',
  'accept' => 'text/html,application/xhtml+xml,application/xml;q=0.9,image/webp,*/*;q=0.8',
  'dnt' => '1',
  'accept-encoding' => 'gzip, deflate',
  'accept-language' => 'zh-CN',
  'cookie' => 'thinkphp_show_page_trace=0|0; pgv_pvi=3993230336',
)
[ info ] [ PARAM ] array (
)
[ info ] [ RUN ] app\admin\Controller\User->loginindex[ E:\AppServ\www\application\admin\controller\User.php ]
[ info ] [ VIEW ] E:\AppServ\www\public/../application/admin\view\user\loginindex.html [ array (
) ]
[ info ] [ LOG ] INIT File
---------------------------------------------------------------
[ 2018-04-21T11:18:24+08:00 ] 127.0.0.1 POST /admin-user-login.html
[ info ] tp5.com/admin-user-login.html [运行时间：0.038859s][吞吐率：25.73req/s] [内存消耗：1,446.61kb] [文件加载：41]
[ info ] [ LANG ] E:\AppServ\www\thinkphp\lang\zh-cn.php
[ info ] [ ROUTE ] array (
  'type' => 'module',
  'module' => 
  array (
    0 => 'admin',
    1 => 'user',
    2 => 'login',
  ),
)
[ info ] [ HEADER ] array (
  'host' => 'tp5.com',
  'connection' => 'keep-alive',
  'content-length' => '36',
  'cache-control' => 'max-age=0',
  'origin' => 'http://tp5.com',
  'upgrade-insecure-requests' => '1',
  'user-agent' => 'Mozilla/5.0 (Windows NT 10.0; WOW64) AppleWebKit/537.36 (KHTML, like Gecko) Chrome/55.0.2883.75 Safari/537.36 Maxthon/5.1.3.2000',
  'content-type' => 'application/x-www-form-urlencoded',
  'accept' => 'text/html,application/xhtml+xml,application/xml;q=0.9,image/webp,*/*;q=0.8',
  'dnt' => '1',
  'referer' => 'http://tp5.com/admin/user/loginindex',
  'accept-encoding' => 'gzip, deflate',
  'accept-language' => 'zh-CN',
  'cookie' => 'pgv_pvi=3993230336',
)
[ info ] [ PARAM ] array (
  'username' => 'dsada s',
  'password' => 'dsa dasdsa',
)
[ info ] [ RUN ] app\admin\Controller\User->login[ E:\AppServ\www\application\admin\controller\User.php ]
[ info ] [ LOG ] INIT File
[ error ] [8]Array to string conversion[E:\AppServ\www\thinkphp\library\think\Request.php:982]
---------------------------------------------------------------
[ 2018-04-21T11:18:43+08:00 ] 127.0.0.1 POST /admin-user-login.html
[ info ] tp5.com/admin-user-login.html [运行时间：0.029862s][吞吐率：33.49req/s] [内存消耗：1,176.96kb] [文件加载：34]
[ info ] [ LANG ] E:\AppServ\www\thinkphp\lang\zh-cn.php
[ info ] [ ROUTE ] array (
  'type' => 'module',
  'module' => 
  array (
    0 => 'admin',
    1 => 'user',
    2 => 'login',
  ),
)
[ info ] [ HEADER ] array (
  'host' => 'tp5.com',
  'connection' => 'keep-alive',
  'content-length' => '36',
  'cache-control' => 'max-age=0',
  'origin' => 'http://tp5.com',
  'upgrade-insecure-requests' => '1',
  'user-agent' => 'Mozilla/5.0 (Windows NT 10.0; WOW64) AppleWebKit/537.36 (KHTML, like Gecko) Chrome/55.0.2883.75 Safari/537.36 Maxthon/5.1.3.2000',
  'content-type' => 'application/x-www-form-urlencoded',
  'accept' => 'text/html,application/xhtml+xml,application/xml;q=0.9,image/webp,*/*;q=0.8',
  'dnt' => '1',
  'referer' => 'http://tp5.com/admin/user/loginindex',
  'accept-encoding' => 'gzip, deflate',
  'accept-language' => 'zh-CN',
  'cookie' => 'pgv_pvi=3993230336; thinkphp_show_page_trace=0|0',
)
[ info ] [ PARAM ] array (
  'username' => 'dsada s',
  'password' => 'dsa dasdsa',
)
[ info ] [ LOG ] INIT File
[ error ] [4]语法错误: unexpected ';'[E:\AppServ\www\application\admin\controller\User.php:20]
---------------------------------------------------------------
[ 2018-04-21T11:18:56+08:00 ] 127.0.0.1 POST /admin-user-login.html
[ info ] tp5.com/admin-user-login.html [运行时间：0.029969s][吞吐率：33.37req/s] [内存消耗：1,416.85kb] [文件加载：37]
[ info ] [ LANG ] E:\AppServ\www\thinkphp\lang\zh-cn.php
[ info ] [ ROUTE ] array (
  'type' => 'module',
  'module' => 
  array (
    0 => 'admin',
    1 => 'user',
    2 => 'login',
  ),
)
[ info ] [ HEADER ] array (
  'host' => 'tp5.com',
  'connection' => 'keep-alive',
  'content-length' => '36',
  'cache-control' => 'max-age=0',
  'origin' => 'http://tp5.com',
  'upgrade-insecure-requests' => '1',
  'user-agent' => 'Mozilla/5.0 (Windows NT 10.0; WOW64) AppleWebKit/537.36 (KHTML, like Gecko) Chrome/55.0.2883.75 Safari/537.36 Maxthon/5.1.3.2000',
  'content-type' => 'application/x-www-form-urlencoded',
  'accept' => 'text/html,application/xhtml+xml,application/xml;q=0.9,image/webp,*/*;q=0.8',
  'dnt' => '1',
  'referer' => 'http://tp5.com/admin/user/loginindex',
  'accept-encoding' => 'gzip, deflate',
  'accept-language' => 'zh-CN',
  'cookie' => 'pgv_pvi=3993230336; thinkphp_show_page_trace=0|0',
)
[ info ] [ PARAM ] array (
  'username' => 'dsada s',
  'password' => 'dsa dasdsa',
)
[ info ] [ RUN ] app\admin\Controller\User->login[ E:\AppServ\www\application\admin\controller\User.php ]
[ info ] [ LOG ] INIT File
---------------------------------------------------------------
[ 2018-04-21T17:07:50+08:00 ] 127.0.0.1 GET /admin/user/login
[ info ] tp5.com/admin/user/login [运行时间：0.323117s][吞吐率：3.09req/s] [内存消耗：1,415.52kb] [文件加载：37]
[ info ] [ LANG ] E:\AppServ\www\thinkphp\lang\zh-cn.php
[ info ] [ ROUTE ] array (
  'type' => 'module',
  'module' => 
  array (
    0 => 'admin',
    1 => 'user',
    2 => 'login',
  ),
)
[ info ] [ HEADER ] array (
  'host' => 'tp5.com',
  'connection' => 'keep-alive',
  'upgrade-insecure-requests' => '1',
  'user-agent' => 'Mozilla/5.0 (Windows NT 10.0; WOW64) AppleWebKit/537.36 (KHTML, like Gecko) Chrome/55.0.2883.75 Safari/537.36 Maxthon/5.1.3.2000',
  'accept' => 'text/html,application/xhtml+xml,application/xml;q=0.9,image/webp,*/*;q=0.8',
  'dnt' => '1',
  'accept-encoding' => 'gzip, deflate',
  'accept-language' => 'zh-CN',
  'cookie' => 'pgv_pvi=3993230336',
)
[ info ] [ PARAM ] array (
)
[ info ] [ RUN ] app\admin\Controller\User->login[ E:\AppServ\www\application\admin\controller\User.php ]
[ info ] [ LOG ] INIT File
---------------------------------------------------------------
[ 2018-04-21T17:34:04+08:00 ] 127.0.0.1 GET /admin/user/loginindex
[ info ] tp5.com/admin/user/loginindex [运行时间：0.084322s][吞吐率：11.86req/s] [内存消耗：1,492.00kb] [文件加载：40]
[ info ] [ LANG ] E:\AppServ\www\thinkphp\lang\zh-cn.php
[ info ] [ ROUTE ] array (
  'type' => 'module',
  'module' => 
  array (
    0 => 'admin',
    1 => 'user',
    2 => 'loginindex',
  ),
)
[ info ] [ HEADER ] array (
  'host' => 'tp5.com',
  'connection' => 'keep-alive',
  'upgrade-insecure-requests' => '1',
  'user-agent' => 'Mozilla/5.0 (Windows NT 10.0; WOW64) AppleWebKit/537.36 (KHTML, like Gecko) Chrome/55.0.2883.75 Safari/537.36 Maxthon/5.1.3.2000',
  'accept' => 'text/html,application/xhtml+xml,application/xml;q=0.9,image/webp,*/*;q=0.8',
  'dnt' => '1',
  'accept-encoding' => 'gzip, deflate',
  'accept-language' => 'zh-CN',
  'cookie' => 'thinkphp_show_page_trace=0|0; pgv_pvi=3993230336',
)
[ info ] [ PARAM ] array (
)
[ info ] [ RUN ] app\admin\Controller\User->loginindex[ E:\AppServ\www\application\admin\controller\User.php ]
[ info ] [ VIEW ] E:\AppServ\www\public/../application/admin\view\user\loginindex.html [ array (
) ]
[ info ] [ LOG ] INIT File
---------------------------------------------------------------
[ 2018-04-21T18:36:38+08:00 ] 127.0.0.1 GET /admin/user/loginindex
[ info ] tp5.com/admin/user/loginindex [运行时间：0.080977s][吞吐率：12.35req/s] [内存消耗：1,629.27kb] [文件加载：42]
[ info ] [ LANG ] E:\AppServ\www\thinkphp\lang\zh-cn.php
[ info ] [ ROUTE ] array (
  'type' => 'module',
  'module' => 
  array (
    0 => 'admin',
    1 => 'user',
    2 => 'loginindex',
  ),
)
[ info ] [ HEADER ] array (
  'host' => 'tp5.com',
  'connection' => 'keep-alive',
  'cache-control' => 'max-age=0',
  'upgrade-insecure-requests' => '1',
  'user-agent' => 'Mozilla/5.0 (Windows NT 10.0; WOW64) AppleWebKit/537.36 (KHTML, like Gecko) Chrome/55.0.2883.75 Safari/537.36 Maxthon/5.1.3.2000',
  'accept' => 'text/html,application/xhtml+xml,application/xml;q=0.9,image/webp,*/*;q=0.8',
  'dnt' => '1',
  'accept-encoding' => 'gzip, deflate',
  'accept-language' => 'zh-CN',
  'cookie' => 'thinkphp_show_page_trace=0|0; pgv_pvi=3993230336',
)
[ info ] [ PARAM ] array (
)
[ info ] [ RUN ] app\admin\Controller\User->loginindex[ E:\AppServ\www\application\admin\controller\User.php ]
[ info ] [ VIEW ] E:\AppServ\www\public/../application/admin\view\user\loginindex.html [ array (
) ]
[ info ] [ LOG ] INIT File
---------------------------------------------------------------
[ 2018-04-21T18:36:44+08:00 ] 127.0.0.1 GET /admin/user/loginindex
[ info ] tp5.com/admin/user/loginindex [运行时间：0.041179s][吞吐率：24.28req/s] [内存消耗：1,629.28kb] [文件加载：42]
[ info ] [ LANG ] E:\AppServ\www\thinkphp\lang\zh-cn.php
[ info ] [ ROUTE ] array (
  'type' => 'module',
  'module' => 
  array (
    0 => 'admin',
    1 => 'user',
    2 => 'loginindex',
  ),
)
[ info ] [ HEADER ] array (
  'host' => 'tp5.com',
  'connection' => 'keep-alive',
  'cache-control' => 'max-age=0',
  'upgrade-insecure-requests' => '1',
  'user-agent' => 'Mozilla/5.0 (Windows NT 10.0; WOW64) AppleWebKit/537.36 (KHTML, like Gecko) Chrome/55.0.2883.75 Safari/537.36 Maxthon/5.1.3.2000',
  'accept' => 'text/html,application/xhtml+xml,application/xml;q=0.9,image/webp,*/*;q=0.8',
  'dnt' => '1',
  'accept-encoding' => 'gzip, deflate',
  'accept-language' => 'zh-CN',
  'cookie' => 'thinkphp_show_page_trace=0|0; pgv_pvi=3993230336',
)
[ info ] [ PARAM ] array (
)
[ info ] [ RUN ] app\admin\Controller\User->loginindex[ E:\AppServ\www\application\admin\controller\User.php ]
[ info ] [ VIEW ] E:\AppServ\www\public/../application/admin\view\user\loginindex.html [ array (
) ]
[ info ] [ LOG ] INIT File
---------------------------------------------------------------
[ 2018-04-21T18:37:17+08:00 ] 127.0.0.1 GET /admin/user/loginindex
[ info ] tp5.com/admin/user/loginindex [运行时间：0.039290s][吞吐率：25.45req/s] [内存消耗：1,629.28kb] [文件加载：42]
[ info ] [ LANG ] E:\AppServ\www\thinkphp\lang\zh-cn.php
[ info ] [ ROUTE ] array (
  'type' => 'module',
  'module' => 
  array (
    0 => 'admin',
    1 => 'user',
    2 => 'loginindex',
  ),
)
[ info ] [ HEADER ] array (
  'host' => 'tp5.com',
  'connection' => 'keep-alive',
  'cache-control' => 'max-age=0',
  'upgrade-insecure-requests' => '1',
  'user-agent' => 'Mozilla/5.0 (Windows NT 10.0; WOW64) AppleWebKit/537.36 (KHTML, like Gecko) Chrome/55.0.2883.75 Safari/537.36 Maxthon/5.1.3.2000',
  'accept' => 'text/html,application/xhtml+xml,application/xml;q=0.9,image/webp,*/*;q=0.8',
  'dnt' => '1',
  'accept-encoding' => 'gzip, deflate',
  'accept-language' => 'zh-CN',
  'cookie' => 'thinkphp_show_page_trace=0|0; pgv_pvi=3993230336',
)
[ info ] [ PARAM ] array (
)
[ info ] [ RUN ] app\admin\Controller\User->loginindex[ E:\AppServ\www\application\admin\controller\User.php ]
[ info ] [ VIEW ] E:\AppServ\www\public/../application/admin\view\user\loginindex.html [ array (
) ]
[ info ] [ LOG ] INIT File
---------------------------------------------------------------
[ 2018-04-21T18:43:32+08:00 ] 127.0.0.1 GET /admin/user/loginindex
[ info ] tp5.com/admin/user/loginindex [运行时间：0.039116s][吞吐率：25.56req/s] [内存消耗：1,415.67kb] [文件加载：37]
[ info ] [ LANG ] E:\AppServ\www\thinkphp\lang\zh-cn.php
[ info ] [ ROUTE ] array (
  'type' => 'module',
  'module' => 
  array (
    0 => 'admin',
    1 => 'user',
    2 => 'loginindex',
  ),
)
[ info ] [ HEADER ] array (
  'host' => 'tp5.com',
  'connection' => 'keep-alive',
  'cache-control' => 'max-age=0',
  'upgrade-insecure-requests' => '1',
  'user-agent' => 'Mozilla/5.0 (Windows NT 10.0; WOW64) AppleWebKit/537.36 (KHTML, like Gecko) Chrome/55.0.2883.75 Safari/537.36 Maxthon/5.1.3.2000',
  'accept' => 'text/html,application/xhtml+xml,application/xml;q=0.9,image/webp,*/*;q=0.8',
  'dnt' => '1',
  'accept-encoding' => 'gzip, deflate',
  'accept-language' => 'zh-CN',
  'cookie' => 'thinkphp_show_page_trace=0|0; pgv_pvi=3993230336',
)
[ info ] [ PARAM ] array (
)
[ info ] [ RUN ] app\admin\Controller\User->loginindex[ E:\AppServ\www\application\admin\controller\User.php ]
[ info ] [ LOG ] INIT File
---------------------------------------------------------------
[ 2018-04-21T18:44:32+08:00 ] 127.0.0.1 GET /admin/user/loginindex
[ info ] tp5.com/admin/user/loginindex [运行时间：0.074228s][吞吐率：13.47req/s] [内存消耗：1,631.62kb] [文件加载：42]
[ info ] [ LANG ] E:\AppServ\www\thinkphp\lang\zh-cn.php
[ info ] [ ROUTE ] array (
  'type' => 'module',
  'module' => 
  array (
    0 => 'admin',
    1 => 'user',
    2 => 'loginindex',
  ),
)
[ info ] [ HEADER ] array (
  'host' => 'tp5.com',
  'connection' => 'keep-alive',
  'cache-control' => 'max-age=0',
  'upgrade-insecure-requests' => '1',
  'user-agent' => 'Mozilla/5.0 (Windows NT 10.0; WOW64) AppleWebKit/537.36 (KHTML, like Gecko) Chrome/55.0.2883.75 Safari/537.36 Maxthon/5.1.3.2000',
  'accept' => 'text/html,application/xhtml+xml,application/xml;q=0.9,image/webp,*/*;q=0.8',
  'dnt' => '1',
  'accept-encoding' => 'gzip, deflate',
  'accept-language' => 'zh-CN',
  'cookie' => 'thinkphp_show_page_trace=0|0; pgv_pvi=3993230336',
)
[ info ] [ PARAM ] array (
)
[ info ] [ RUN ] app\admin\Controller\User->loginindex[ E:\AppServ\www\application\admin\controller\User.php ]
[ info ] [ VIEW ] E:\AppServ\www\public/../application/admin\view\user\loginindex.html [ array (
) ]
[ info ] [ SESSION ] INIT array (
  'id' => '',
  'var_session_id' => '',
  'prefix' => 'think',
  'type' => '',
  'auto_start' => true,
)
[ info ] [ LOG ] INIT File
---------------------------------------------------------------
[ 2018-04-21T18:44:34+08:00 ] 127.0.0.1 GET /admin/user/loginindex
[ info ] tp5.com/admin/user/loginindex [运行时间：0.033460s][吞吐率：29.89req/s] [内存消耗：1,493.98kb] [文件加载：40]
[ info ] [ LANG ] E:\AppServ\www\thinkphp\lang\zh-cn.php
[ info ] [ ROUTE ] array (
  'type' => 'module',
  'module' => 
  array (
    0 => 'admin',
    1 => 'user',
    2 => 'loginindex',
  ),
)
[ info ] [ HEADER ] array (
  'host' => 'tp5.com',
  'connection' => 'keep-alive',
  'upgrade-insecure-requests' => '1',
  'user-agent' => 'Mozilla/5.0 (Windows NT 10.0; WOW64) AppleWebKit/537.36 (KHTML, like Gecko) Chrome/55.0.2883.75 Safari/537.36 Maxthon/5.1.3.2000',
  'accept' => 'text/html,application/xhtml+xml,application/xml;q=0.9,image/webp,*/*;q=0.8',
  'dnt' => '1',
  'accept-encoding' => 'gzip, deflate',
  'accept-language' => 'zh-CN',
  'cookie' => 'thinkphp_show_page_trace=0|0; pgv_pvi=3993230336; PHPSESSID=6ce03tovdc476elc66o92tm665',
)
[ info ] [ PARAM ] array (
)
[ info ] [ RUN ] app\admin\Controller\User->loginindex[ E:\AppServ\www\application\admin\controller\User.php ]
[ info ] [ VIEW ] E:\AppServ\www\public/../application/admin\view\user\loginindex.html [ array (
) ]
[ info ] [ SESSION ] INIT array (
  'id' => '',
  'var_session_id' => '',
  'prefix' => 'think',
  'type' => '',
  'auto_start' => true,
)
[ info ] [ LOG ] INIT File
