---------------------------------------------------------------
[ 2018-04-24T10:55:12+08:00 ] 127.0.0.1 GET /index/hello_world/admin
[ info ] tp5.com/index/hello_world/admin [运行时间：0.888198s][吞吐率：1.13req/s] [内存消耗：1,434.08kb] [文件加载：39]
[ info ] [ LANG ] E:\AppServ\www\thinkphp\lang\zh-cn.php
[ info ] [ ROUTE ] array (
  'type' => 'module',
  'module' => 
  array (
    0 => 'index',
    1 => 'hello_world',
    2 => 'admin',
  ),
)
[ info ] [ HEADER ] array (
  'host' => 'tp5.com',
  'connection' => 'keep-alive',
  'upgrade-insecure-requests' => '1',
  'user-agent' => 'Mozilla/5.0 (Windows NT 10.0; WOW64) AppleWebKit/537.36 (KHTML, like Gecko) Chrome/55.0.2883.75 Safari/537.36 Maxthon/5.1.3.2000',
  'accept' => 'text/html,application/xhtml+xml,application/xml;q=0.9,image/webp,*/*;q=0.8',
  'dnt' => '1',
  'accept-encoding' => 'gzip, deflate',
  'accept-language' => 'zh-CN',
  'cookie' => 'pgv_pvi=3993230336',
)
[ info ] [ PARAM ] array (
)
[ info ] [ LOG ] INIT File
[ error ] [0]方法参数错误:hello[E:\AppServ\www\thinkphp\library\think\App.php:431]
---------------------------------------------------------------
[ 2018-04-24T10:55:31+08:00 ] 127.0.0.1 GET /admin/user/create
[ info ] tp5.com/admin/user/create [运行时间：0.068009s][吞吐率：14.70req/s] [内存消耗：1,162.32kb] [文件加载：34]
[ info ] [ LANG ] E:\AppServ\www\thinkphp\lang\zh-cn.php
[ info ] [ ROUTE ] array (
  'type' => 'module',
  'module' => 
  array (
    0 => 'admin',
    1 => 'user',
    2 => 'create',
  ),
)
[ info ] [ HEADER ] array (
  'host' => 'tp5.com',
  'connection' => 'keep-alive',
  'upgrade-insecure-requests' => '1',
  'user-agent' => 'Mozilla/5.0 (Windows NT 10.0; WOW64) AppleWebKit/537.36 (KHTML, like Gecko) Chrome/55.0.2883.75 Safari/537.36 Maxthon/5.1.3.2000',
  'accept' => 'text/html,application/xhtml+xml,application/xml;q=0.9,image/webp,*/*;q=0.8',
  'dnt' => '1',
  'accept-encoding' => 'gzip, deflate',
  'accept-language' => 'zh-CN',
  'cookie' => 'pgv_pvi=3993230336',
)
[ info ] [ PARAM ] array (
)
[ info ] [ LOG ] INIT File
---------------------------------------------------------------
[ 2018-04-24T10:55:41+08:00 ] 127.0.0.1 GET /admin/users/create
[ info ] tp5.com/admin/users/create [运行时间：0.188422s][吞吐率：5.31req/s] [内存消耗：1,496.13kb] [文件加载：40]
[ info ] [ LANG ] E:\AppServ\www\thinkphp\lang\zh-cn.php
[ info ] [ ROUTE ] array (
  'type' => 'module',
  'module' => 
  array (
    0 => 'admin',
    1 => 'users',
    2 => 'create',
  ),
)
[ info ] [ HEADER ] array (
  'host' => 'tp5.com',
  'connection' => 'keep-alive',
  'upgrade-insecure-requests' => '1',
  'user-agent' => 'Mozilla/5.0 (Windows NT 10.0; WOW64) AppleWebKit/537.36 (KHTML, like Gecko) Chrome/55.0.2883.75 Safari/537.36 Maxthon/5.1.3.2000',
  'accept' => 'text/html,application/xhtml+xml,application/xml;q=0.9,image/webp,*/*;q=0.8',
  'dnt' => '1',
  'accept-encoding' => 'gzip, deflate',
  'accept-language' => 'zh-CN',
  'cookie' => 'pgv_pvi=3993230336',
)
[ info ] [ PARAM ] array (
)
[ info ] [ RUN ] app\admin\Controller\Users->create[ E:\AppServ\www\application\admin\controller\Users.php ]
[ info ] [ VIEW ] E:\AppServ\www\public/../application/admin\view\users\create.html [ array (
) ]
[ info ] [ SESSION ] INIT array (
  'id' => '',
  'var_session_id' => '',
  'prefix' => 'think',
  'type' => '',
  'auto_start' => true,
)
[ info ] [ LOG ] INIT File
---------------------------------------------------------------
[ 2018-04-24T17:56:31+08:00 ] 127.0.0.1 GET /database/data_base/insertspl
[ info ] tp5.com/database/data_base/insertspl [运行时间：0.353107s][吞吐率：2.83req/s] [内存消耗：1,443.93kb] [文件加载：40]
[ info ] [ LANG ] E:\AppServ\www\thinkphp\lang\zh-cn.php
[ info ] [ ROUTE ] array (
  'type' => 'module',
  'module' => 
  array (
    0 => 'database',
    1 => 'data_base',
    2 => 'insertspl',
  ),
)
[ info ] [ HEADER ] array (
  'host' => 'tp5.com',
  'connection' => 'keep-alive',
  'upgrade-insecure-requests' => '1',
  'user-agent' => 'Mozilla/5.0 (Windows NT 10.0; WOW64) AppleWebKit/537.36 (KHTML, like Gecko) Chrome/55.0.2883.75 Safari/537.36 Maxthon/5.1.3.2000',
  'accept' => 'text/html,application/xhtml+xml,application/xml;q=0.9,image/webp,*/*;q=0.8',
  'dnt' => '1',
  'accept-encoding' => 'gzip, deflate',
  'accept-language' => 'zh-CN',
  'cookie' => 'pgv_pvi=3993230336; PHPSESSID=mblduj480t91ve9okp56lh06c6',
)
[ info ] [ PARAM ] array (
)
[ info ] [ LOG ] INIT File
---------------------------------------------------------------
[ 2018-04-24T17:56:39+08:00 ] 127.0.0.1 GET /database/data_base/insertsql
[ info ] tp5.com/database/data_base/insertsql [运行时间：0.556607s][吞吐率：1.80req/s] [内存消耗：1,590.19kb] [文件加载：39]
[ info ] [ LANG ] E:\AppServ\www\thinkphp\lang\zh-cn.php
[ info ] [ ROUTE ] array (
  'type' => 'module',
  'module' => 
  array (
    0 => 'database',
    1 => 'data_base',
    2 => 'insertsql',
  ),
)
[ info ] [ HEADER ] array (
  'host' => 'tp5.com',
  'connection' => 'keep-alive',
  'upgrade-insecure-requests' => '1',
  'user-agent' => 'Mozilla/5.0 (Windows NT 10.0; WOW64) AppleWebKit/537.36 (KHTML, like Gecko) Chrome/55.0.2883.75 Safari/537.36 Maxthon/5.1.3.2000',
  'accept' => 'text/html,application/xhtml+xml,application/xml;q=0.9,image/webp,*/*;q=0.8',
  'dnt' => '1',
  'accept-encoding' => 'gzip, deflate',
  'accept-language' => 'zh-CN',
  'cookie' => 'thinkphp_show_page_trace=0|0; pgv_pvi=3993230336; PHPSESSID=mblduj480t91ve9okp56lh06c6',
)
[ info ] [ PARAM ] array (
)
[ info ] [ RUN ] app\database\Controller\DataBase->insertsql[ E:\AppServ\www\application\database\controller\DataBase.php ]
[ info ] [ DB ] INIT mysql
[ info ] [ LOG ] INIT File
[ sql ] [ DB ] CONNECT:[ UseTime:0.215990s ] mysql:host=127.0.0.1;dbname=thinkphp;charset=utf8
[ sql ] [ SQL ] select * from tp_dbtest [ RunTime:0.168802s ]
---------------------------------------------------------------
[ 2018-04-24T19:54:32+08:00 ] 127.0.0.1 GET /database/data_base/dbfind
[ info ] tp5.com/database/data_base/dbfind [运行时间：0.279716s][吞吐率：3.58req/s] [内存消耗：2,136.48kb] [文件加载：42]
[ info ] [ LANG ] E:\AppServ\www\thinkphp\lang\zh-cn.php
[ info ] [ ROUTE ] array (
  'type' => 'module',
  'module' => 
  array (
    0 => 'database',
    1 => 'data_base',
    2 => 'dbfind',
  ),
)
[ info ] [ HEADER ] array (
  'host' => 'tp5.com',
  'connection' => 'keep-alive',
  'upgrade-insecure-requests' => '1',
  'user-agent' => 'Mozilla/5.0 (Windows NT 10.0; WOW64) AppleWebKit/537.36 (KHTML, like Gecko) Chrome/55.0.2883.75 Safari/537.36 Maxthon/5.1.3.2000',
  'accept' => 'text/html,application/xhtml+xml,application/xml;q=0.9,image/webp,*/*;q=0.8',
  'dnt' => '1',
  'accept-encoding' => 'gzip, deflate',
  'accept-language' => 'zh-CN',
  'cookie' => 'thinkphp_show_page_trace=0|0; pgv_pvi=3993230336; PHPSESSID=mblduj480t91ve9okp56lh06c6',
)
[ info ] [ PARAM ] array (
)
[ info ] [ RUN ] app\database\Controller\DataBase->dbfind[ E:\AppServ\www\application\database\controller\DataBase.php ]
[ info ] [ DB ] INIT mysql
[ info ] [ LOG ] INIT File
[ sql ] [ DB ] CONNECT:[ UseTime:0.001713s ] mysql:host=127.0.0.1;dbname=thinkphp;charset=utf8
[ sql ] [ SQL ] SHOW COLUMNS FROM `tp_dbtest` [ RunTime:0.083935s ]
[ sql ] [ SQL ] SELECT * FROM `tp_dbtest` WHERE  `id` = 1 LIMIT 1 [ RunTime:0.043415s ]
---------------------------------------------------------------
[ 2018-04-24T19:55:00+08:00 ] 127.0.0.1 GET /database/data_base/dbfind
[ info ] tp5.com/database/data_base/dbfind [运行时间：0.103452s][吞吐率：9.67req/s] [内存消耗：2,135.63kb] [文件加载：42]
[ info ] [ LANG ] E:\AppServ\www\thinkphp\lang\zh-cn.php
[ info ] [ ROUTE ] array (
  'type' => 'module',
  'module' => 
  array (
    0 => 'database',
    1 => 'data_base',
    2 => 'dbfind',
  ),
)
[ info ] [ HEADER ] array (
  'host' => 'tp5.com',
  'connection' => 'keep-alive',
  'cache-control' => 'max-age=0',
  'upgrade-insecure-requests' => '1',
  'user-agent' => 'Mozilla/5.0 (Windows NT 10.0; WOW64) AppleWebKit/537.36 (KHTML, like Gecko) Chrome/55.0.2883.75 Safari/537.36 Maxthon/5.1.3.2000',
  'accept' => 'text/html,application/xhtml+xml,application/xml;q=0.9,image/webp,*/*;q=0.8',
  'dnt' => '1',
  'accept-encoding' => 'gzip, deflate',
  'accept-language' => 'zh-CN',
  'cookie' => 'thinkphp_show_page_trace=0|0; pgv_pvi=3993230336; PHPSESSID=mblduj480t91ve9okp56lh06c6',
)
[ info ] [ PARAM ] array (
)
[ info ] [ RUN ] app\database\Controller\DataBase->dbfind[ E:\AppServ\www\application\database\controller\DataBase.php ]
[ info ] [ DB ] INIT mysql
[ info ] [ LOG ] INIT File
[ sql ] [ DB ] CONNECT:[ UseTime:0.001361s ] mysql:host=127.0.0.1;dbname=thinkphp;charset=utf8
[ sql ] [ SQL ] SHOW COLUMNS FROM `tp_dbtest` [ RunTime:0.003359s ]
[ sql ] [ SQL ] SELECT * FROM `tp_dbtest` WHERE  ( `id` >1 ) LIMIT 1 [ RunTime:0.060461s ]
---------------------------------------------------------------
[ 2018-04-24T19:56:24+08:00 ] 127.0.0.1 GET /database/data_base/dbfind
[ info ] tp5.com/database/data_base/dbfind [运行时间：0.068393s][吞吐率：14.62req/s] [内存消耗：2,135.59kb] [文件加载：42]
[ info ] [ LANG ] E:\AppServ\www\thinkphp\lang\zh-cn.php
[ info ] [ ROUTE ] array (
  'type' => 'module',
  'module' => 
  array (
    0 => 'database',
    1 => 'data_base',
    2 => 'dbfind',
  ),
)
[ info ] [ HEADER ] array (
  'host' => 'tp5.com',
  'connection' => 'keep-alive',
  'cache-control' => 'max-age=0',
  'upgrade-insecure-requests' => '1',
  'user-agent' => 'Mozilla/5.0 (Windows NT 10.0; WOW64) AppleWebKit/537.36 (KHTML, like Gecko) Chrome/55.0.2883.75 Safari/537.36 Maxthon/5.1.3.2000',
  'accept' => 'text/html,application/xhtml+xml,application/xml;q=0.9,image/webp,*/*;q=0.8',
  'dnt' => '1',
  'accept-encoding' => 'gzip, deflate',
  'accept-language' => 'zh-CN',
  'cookie' => 'thinkphp_show_page_trace=0|0; pgv_pvi=3993230336; PHPSESSID=mblduj480t91ve9okp56lh06c6',
)
[ info ] [ PARAM ] array (
)
[ info ] [ RUN ] app\database\Controller\DataBase->dbfind[ E:\AppServ\www\application\database\controller\DataBase.php ]
[ info ] [ DB ] INIT mysql
[ info ] [ LOG ] INIT File
[ sql ] [ DB ] CONNECT:[ UseTime:0.001575s ] mysql:host=127.0.0.1;dbname=thinkphp;charset=utf8
[ sql ] [ SQL ] SHOW COLUMNS FROM `tp_dbtest` [ RunTime:0.003544s ]
[ sql ] [ SQL ] SELECT * FROM `tp_dbtest` WHERE  ( `id` >1 ) LIMIT 1 [ RunTime:0.000562s ]
---------------------------------------------------------------
[ 2018-04-24T19:58:33+08:00 ] 127.0.0.1 GET /database/data_base/dbfind
[ info ] tp5.com/database/data_base/dbfind [运行时间：0.183256s][吞吐率：5.46req/s] [内存消耗：2,164.84kb] [文件加载：47]
[ info ] [ LANG ] E:\AppServ\www\thinkphp\lang\zh-cn.php
[ info ] [ ROUTE ] array (
  'type' => 'module',
  'module' => 
  array (
    0 => 'database',
    1 => 'data_base',
    2 => 'dbfind',
  ),
)
[ info ] [ HEADER ] array (
  'host' => 'tp5.com',
  'connection' => 'keep-alive',
  'cache-control' => 'max-age=0',
  'upgrade-insecure-requests' => '1',
  'user-agent' => 'Mozilla/5.0 (Windows NT 10.0; WOW64) AppleWebKit/537.36 (KHTML, like Gecko) Chrome/55.0.2883.75 Safari/537.36 Maxthon/5.1.3.2000',
  'accept' => 'text/html,application/xhtml+xml,application/xml;q=0.9,image/webp,*/*;q=0.8',
  'dnt' => '1',
  'accept-encoding' => 'gzip, deflate',
  'accept-language' => 'zh-CN',
  'cookie' => 'thinkphp_show_page_trace=0|0; pgv_pvi=3993230336; PHPSESSID=mblduj480t91ve9okp56lh06c6',
)
[ info ] [ PARAM ] array (
)
[ info ] [ RUN ] app\database\Controller\DataBase->dbfind[ E:\AppServ\www\application\database\controller\DataBase.php ]
[ info ] [ DB ] INIT mysql
[ info ] [ LOG ] INIT File
[ sql ] [ DB ] CONNECT:[ UseTime:0.001450s ] mysql:host=127.0.0.1;dbname=thinkphp;charset=utf8
[ sql ] [ SQL ] SHOW COLUMNS FROM `tp_dbtest` [ RunTime:0.003447s ]
[ error ] [10501]SQLSTATE[42000]: Syntax error or access violation: 1064 You have an error in your SQL syntax; check the manual that corresponds to your MySQL server version for the right syntax to use near '1 )' at line 1[E:\AppServ\www\thinkphp\library\think\db\Connection.php:388]
---------------------------------------------------------------
[ 2018-04-24T19:58:42+08:00 ] 127.0.0.1 GET /database/data_base/dbfind
[ info ] tp5.com/database/data_base/dbfind [运行时间：0.043389s][吞吐率：23.05req/s] [内存消耗：2,136.66kb] [文件加载：42]
[ info ] [ LANG ] E:\AppServ\www\thinkphp\lang\zh-cn.php
[ info ] [ ROUTE ] array (
  'type' => 'module',
  'module' => 
  array (
    0 => 'database',
    1 => 'data_base',
    2 => 'dbfind',
  ),
)
[ info ] [ HEADER ] array (
  'host' => 'tp5.com',
  'connection' => 'keep-alive',
  'cache-control' => 'max-age=0',
  'upgrade-insecure-requests' => '1',
  'user-agent' => 'Mozilla/5.0 (Windows NT 10.0; WOW64) AppleWebKit/537.36 (KHTML, like Gecko) Chrome/55.0.2883.75 Safari/537.36 Maxthon/5.1.3.2000',
  'accept' => 'text/html,application/xhtml+xml,application/xml;q=0.9,image/webp,*/*;q=0.8',
  'dnt' => '1',
  'accept-encoding' => 'gzip, deflate',
  'accept-language' => 'zh-CN',
  'cookie' => 'thinkphp_show_page_trace=0|0; pgv_pvi=3993230336; PHPSESSID=mblduj480t91ve9okp56lh06c6',
)
[ info ] [ PARAM ] array (
)
[ info ] [ RUN ] app\database\Controller\DataBase->dbfind[ E:\AppServ\www\application\database\controller\DataBase.php ]
[ info ] [ DB ] INIT mysql
[ info ] [ LOG ] INIT File
[ sql ] [ DB ] CONNECT:[ UseTime:0.001469s ] mysql:host=127.0.0.1;dbname=thinkphp;charset=utf8
[ sql ] [ SQL ] SHOW COLUMNS FROM `tp_dbtest` [ RunTime:0.003382s ]
[ sql ] [ SQL ] SELECT * FROM `tp_dbtest` WHERE  ( `id` >1 ) [ RunTime:0.000585s ]
---------------------------------------------------------------
[ 2018-04-24T19:58:57+08:00 ] 127.0.0.1 GET /database/data_base/dbfind
[ info ] tp5.com/database/data_base/dbfind [运行时间：0.043447s][吞吐率：23.02req/s] [内存消耗：2,136.67kb] [文件加载：42]
[ info ] [ LANG ] E:\AppServ\www\thinkphp\lang\zh-cn.php
[ info ] [ ROUTE ] array (
  'type' => 'module',
  'module' => 
  array (
    0 => 'database',
    1 => 'data_base',
    2 => 'dbfind',
  ),
)
[ info ] [ HEADER ] array (
  'host' => 'tp5.com',
  'connection' => 'keep-alive',
  'cache-control' => 'max-age=0',
  'upgrade-insecure-requests' => '1',
  'user-agent' => 'Mozilla/5.0 (Windows NT 10.0; WOW64) AppleWebKit/537.36 (KHTML, like Gecko) Chrome/55.0.2883.75 Safari/537.36 Maxthon/5.1.3.2000',
  'accept' => 'text/html,application/xhtml+xml,application/xml;q=0.9,image/webp,*/*;q=0.8',
  'dnt' => '1',
  'accept-encoding' => 'gzip, deflate',
  'accept-language' => 'zh-CN',
  'cookie' => 'thinkphp_show_page_trace=0|0; pgv_pvi=3993230336; PHPSESSID=mblduj480t91ve9okp56lh06c6',
)
[ info ] [ PARAM ] array (
)
[ info ] [ RUN ] app\database\Controller\DataBase->dbfind[ E:\AppServ\www\application\database\controller\DataBase.php ]
[ info ] [ DB ] INIT mysql
[ info ] [ LOG ] INIT File
[ sql ] [ DB ] CONNECT:[ UseTime:0.001351s ] mysql:host=127.0.0.1;dbname=thinkphp;charset=utf8
[ sql ] [ SQL ] SHOW COLUMNS FROM `tp_dbtest` [ RunTime:0.003356s ]
[ sql ] [ SQL ] SELECT * FROM `tp_dbtest` WHERE  `id` = 0 [ RunTime:0.000530s ]
---------------------------------------------------------------
[ 2018-04-24T19:59:17+08:00 ] 127.0.0.1 GET /database/data_base/dbfind
[ info ] tp5.com/database/data_base/dbfind [运行时间：0.043276s][吞吐率：23.11req/s] [内存消耗：2,136.31kb] [文件加载：42]
[ info ] [ LANG ] E:\AppServ\www\thinkphp\lang\zh-cn.php
[ info ] [ ROUTE ] array (
  'type' => 'module',
  'module' => 
  array (
    0 => 'database',
    1 => 'data_base',
    2 => 'dbfind',
  ),
)
[ info ] [ HEADER ] array (
  'host' => 'tp5.com',
  'connection' => 'keep-alive',
  'cache-control' => 'max-age=0',
  'upgrade-insecure-requests' => '1',
  'user-agent' => 'Mozilla/5.0 (Windows NT 10.0; WOW64) AppleWebKit/537.36 (KHTML, like Gecko) Chrome/55.0.2883.75 Safari/537.36 Maxthon/5.1.3.2000',
  'accept' => 'text/html,application/xhtml+xml,application/xml;q=0.9,image/webp,*/*;q=0.8',
  'dnt' => '1',
  'accept-encoding' => 'gzip, deflate',
  'accept-language' => 'zh-CN',
  'cookie' => 'thinkphp_show_page_trace=0|0; pgv_pvi=3993230336; PHPSESSID=mblduj480t91ve9okp56lh06c6',
)
[ info ] [ PARAM ] array (
)
[ info ] [ RUN ] app\database\Controller\DataBase->dbfind[ E:\AppServ\www\application\database\controller\DataBase.php ]
[ info ] [ DB ] INIT mysql
[ info ] [ LOG ] INIT File
[ sql ] [ DB ] CONNECT:[ UseTime:0.001359s ] mysql:host=127.0.0.1;dbname=thinkphp;charset=utf8
[ sql ] [ SQL ] SHOW COLUMNS FROM `tp_dbtest` [ RunTime:0.003351s ]
[ sql ] [ SQL ] SELECT `name` FROM `tp_dbtest` WHERE  ( `id` >1 ) [ RunTime:0.000573s ]
---------------------------------------------------------------
[ 2018-04-24T20:07:14+08:00 ] 127.0.0.1 GET /database/data_base/dbfind
[ info ] tp5.com/database/data_base/dbfind [运行时间：0.051893s][吞吐率：19.27req/s] [内存消耗：2,136.58kb] [文件加载：42]
[ info ] [ LANG ] E:\AppServ\www\thinkphp\lang\zh-cn.php
[ info ] [ ROUTE ] array (
  'type' => 'module',
  'module' => 
  array (
    0 => 'database',
    1 => 'data_base',
    2 => 'dbfind',
  ),
)
[ info ] [ HEADER ] array (
  'host' => 'tp5.com',
  'connection' => 'keep-alive',
  'cache-control' => 'max-age=0',
  'upgrade-insecure-requests' => '1',
  'user-agent' => 'Mozilla/5.0 (Windows NT 10.0; WOW64) AppleWebKit/537.36 (KHTML, like Gecko) Chrome/55.0.2883.75 Safari/537.36 Maxthon/5.1.3.2000',
  'accept' => 'text/html,application/xhtml+xml,application/xml;q=0.9,image/webp,*/*;q=0.8',
  'dnt' => '1',
  'accept-encoding' => 'gzip, deflate',
  'accept-language' => 'zh-CN',
  'cookie' => 'thinkphp_show_page_trace=0|0; pgv_pvi=3993230336; PHPSESSID=mblduj480t91ve9okp56lh06c6',
)
[ info ] [ PARAM ] array (
)
[ info ] [ RUN ] app\database\Controller\DataBase->dbfind[ E:\AppServ\www\application\database\controller\DataBase.php ]
[ info ] [ DB ] INIT mysql
[ info ] [ LOG ] INIT File
[ sql ] [ DB ] CONNECT:[ UseTime:0.001636s ] mysql:host=127.0.0.1;dbname=thinkphp;charset=utf8
[ sql ] [ SQL ] SHOW COLUMNS FROM `tp_dbtest` [ RunTime:0.003641s ]
[ sql ] [ SQL ] SELECT * FROM `tp_dbtest` WHERE  `name` LIKE '%he%' [ RunTime:0.000584s ]
---------------------------------------------------------------
[ 2018-04-24T20:07:22+08:00 ] 127.0.0.1 GET /database/data_base/dbfind
[ info ] tp5.com/database/data_base/dbfind [运行时间：0.043184s][吞吐率：23.16req/s] [内存消耗：2,137.05kb] [文件加载：42]
[ info ] [ LANG ] E:\AppServ\www\thinkphp\lang\zh-cn.php
[ info ] [ ROUTE ] array (
  'type' => 'module',
  'module' => 
  array (
    0 => 'database',
    1 => 'data_base',
    2 => 'dbfind',
  ),
)
[ info ] [ HEADER ] array (
  'host' => 'tp5.com',
  'connection' => 'keep-alive',
  'cache-control' => 'max-age=0',
  'upgrade-insecure-requests' => '1',
  'user-agent' => 'Mozilla/5.0 (Windows NT 10.0; WOW64) AppleWebKit/537.36 (KHTML, like Gecko) Chrome/55.0.2883.75 Safari/537.36 Maxthon/5.1.3.2000',
  'accept' => 'text/html,application/xhtml+xml,application/xml;q=0.9,image/webp,*/*;q=0.8',
  'dnt' => '1',
  'accept-encoding' => 'gzip, deflate',
  'accept-language' => 'zh-CN',
  'cookie' => 'thinkphp_show_page_trace=0|0; pgv_pvi=3993230336; PHPSESSID=mblduj480t91ve9okp56lh06c6',
)
[ info ] [ PARAM ] array (
)
[ info ] [ RUN ] app\database\Controller\DataBase->dbfind[ E:\AppServ\www\application\database\controller\DataBase.php ]
[ info ] [ DB ] INIT mysql
[ info ] [ LOG ] INIT File
[ sql ] [ DB ] CONNECT:[ UseTime:0.001336s ] mysql:host=127.0.0.1;dbname=thinkphp;charset=utf8
[ sql ] [ SQL ] SHOW COLUMNS FROM `tp_dbtest` [ RunTime:0.003369s ]
[ sql ] [ SQL ] SELECT * FROM `tp_dbtest` WHERE  `name` LIKE '%te%' [ RunTime:0.000604s ]
---------------------------------------------------------------
[ 2018-04-24T20:07:48+08:00 ] 127.0.0.1 GET /database/data_base/dbfind
[ info ] tp5.com/database/data_base/dbfind [运行时间：0.043545s][吞吐率：22.96req/s] [内存消耗：2,135.59kb] [文件加载：42]
[ info ] [ LANG ] E:\AppServ\www\thinkphp\lang\zh-cn.php
[ info ] [ ROUTE ] array (
  'type' => 'module',
  'module' => 
  array (
    0 => 'database',
    1 => 'data_base',
    2 => 'dbfind',
  ),
)
[ info ] [ HEADER ] array (
  'host' => 'tp5.com',
  'connection' => 'keep-alive',
  'cache-control' => 'max-age=0',
  'upgrade-insecure-requests' => '1',
  'user-agent' => 'Mozilla/5.0 (Windows NT 10.0; WOW64) AppleWebKit/537.36 (KHTML, like Gecko) Chrome/55.0.2883.75 Safari/537.36 Maxthon/5.1.3.2000',
  'accept' => 'text/html,application/xhtml+xml,application/xml;q=0.9,image/webp,*/*;q=0.8',
  'dnt' => '1',
  'accept-encoding' => 'gzip, deflate',
  'accept-language' => 'zh-CN',
  'cookie' => 'thinkphp_show_page_trace=0|0; pgv_pvi=3993230336; PHPSESSID=mblduj480t91ve9okp56lh06c6',
)
[ info ] [ PARAM ] array (
)
[ info ] [ RUN ] app\database\Controller\DataBase->dbfind[ E:\AppServ\www\application\database\controller\DataBase.php ]
[ info ] [ DB ] INIT mysql
[ info ] [ LOG ] INIT File
[ sql ] [ DB ] CONNECT:[ UseTime:0.001457s ] mysql:host=127.0.0.1;dbname=thinkphp;charset=utf8
[ sql ] [ SQL ] SHOW COLUMNS FROM `tp_dbtest` [ RunTime:0.003606s ]
[ sql ] [ SQL ] SELECT * FROM `tp_dbtest` WHERE  ( `id` >1 ) LIMIT 1 [ RunTime:0.000562s ]
---------------------------------------------------------------
[ 2018-04-24T20:15:33+08:00 ] 127.0.0.1 GET /database/data_base/dbfind
[ info ] tp5.com/database/data_base/dbfind [运行时间：0.160260s][吞吐率：6.24req/s] [内存消耗：2,167.70kb] [文件加载：46]
[ info ] [ LANG ] E:\AppServ\www\thinkphp\lang\zh-cn.php
[ info ] [ ROUTE ] array (
  'type' => 'module',
  'module' => 
  array (
    0 => 'database',
    1 => 'data_base',
    2 => 'dbfind',
  ),
)
[ info ] [ HEADER ] array (
  'host' => 'tp5.com',
  'connection' => 'keep-alive',
  'cache-control' => 'max-age=0',
  'upgrade-insecure-requests' => '1',
  'user-agent' => 'Mozilla/5.0 (Windows NT 10.0; WOW64) AppleWebKit/537.36 (KHTML, like Gecko) Chrome/55.0.2883.75 Safari/537.36 Maxthon/5.1.3.2000',
  'accept' => 'text/html,application/xhtml+xml,application/xml;q=0.9,image/webp,*/*;q=0.8',
  'dnt' => '1',
  'accept-encoding' => 'gzip, deflate',
  'accept-language' => 'zh-CN',
  'cookie' => 'thinkphp_show_page_trace=0|0; pgv_pvi=3993230336; PHPSESSID=mblduj480t91ve9okp56lh06c6',
)
[ info ] [ PARAM ] array (
)
[ info ] [ RUN ] app\database\Controller\DataBase->dbfind[ E:\AppServ\www\application\database\controller\DataBase.php ]
[ info ] [ DB ] INIT mysql
[ info ] [ LOG ] INIT File
[ sql ] [ DB ] CONNECT:[ UseTime:0.001718s ] mysql:host=127.0.0.1;dbname=thinkphp;charset=utf8
[ sql ] [ SQL ] SHOW COLUMNS FROM `tp_dbtest` [ RunTime:0.003632s ]
[ error ] [8]未定义数组下标: 1[E:\AppServ\www\thinkphp\library\think\db\Builder.php:432]
---------------------------------------------------------------
[ 2018-04-24T20:15:51+08:00 ] 127.0.0.1 GET /database/data_base/dbfind
[ info ] tp5.com/database/data_base/dbfind [运行时间：0.049077s][吞吐率：20.38req/s] [内存消耗：2,167.77kb] [文件加载：46]
[ info ] [ LANG ] E:\AppServ\www\thinkphp\lang\zh-cn.php
[ info ] [ ROUTE ] array (
  'type' => 'module',
  'module' => 
  array (
    0 => 'database',
    1 => 'data_base',
    2 => 'dbfind',
  ),
)
[ info ] [ HEADER ] array (
  'host' => 'tp5.com',
  'connection' => 'keep-alive',
  'cache-control' => 'max-age=0',
  'upgrade-insecure-requests' => '1',
  'user-agent' => 'Mozilla/5.0 (Windows NT 10.0; WOW64) AppleWebKit/537.36 (KHTML, like Gecko) Chrome/55.0.2883.75 Safari/537.36 Maxthon/5.1.3.2000',
  'accept' => 'text/html,application/xhtml+xml,application/xml;q=0.9,image/webp,*/*;q=0.8',
  'dnt' => '1',
  'accept-encoding' => 'gzip, deflate',
  'accept-language' => 'zh-CN',
  'cookie' => 'thinkphp_show_page_trace=0|0; pgv_pvi=3993230336; PHPSESSID=mblduj480t91ve9okp56lh06c6',
)
[ info ] [ PARAM ] array (
)
[ info ] [ RUN ] app\database\Controller\DataBase->dbfind[ E:\AppServ\www\application\database\controller\DataBase.php ]
[ info ] [ DB ] INIT mysql
[ info ] [ LOG ] INIT File
[ sql ] [ DB ] CONNECT:[ UseTime:0.001347s ] mysql:host=127.0.0.1;dbname=thinkphp;charset=utf8
[ sql ] [ SQL ] SHOW COLUMNS FROM `tp_dbtest` [ RunTime:0.003662s ]
[ error ] [8]未定义数组下标: 1[E:\AppServ\www\thinkphp\library\think\db\Builder.php:432]
---------------------------------------------------------------
[ 2018-04-24T20:16:31+08:00 ] 127.0.0.1 GET /database/data_base/dbfind
[ info ] tp5.com/database/data_base/dbfind [运行时间：0.044092s][吞吐率：22.68req/s] [内存消耗：2,137.95kb] [文件加载：42]
[ info ] [ LANG ] E:\AppServ\www\thinkphp\lang\zh-cn.php
[ info ] [ ROUTE ] array (
  'type' => 'module',
  'module' => 
  array (
    0 => 'database',
    1 => 'data_base',
    2 => 'dbfind',
  ),
)
[ info ] [ HEADER ] array (
  'host' => 'tp5.com',
  'connection' => 'keep-alive',
  'cache-control' => 'max-age=0',
  'upgrade-insecure-requests' => '1',
  'user-agent' => 'Mozilla/5.0 (Windows NT 10.0; WOW64) AppleWebKit/537.36 (KHTML, like Gecko) Chrome/55.0.2883.75 Safari/537.36 Maxthon/5.1.3.2000',
  'accept' => 'text/html,application/xhtml+xml,application/xml;q=0.9,image/webp,*/*;q=0.8',
  'dnt' => '1',
  'accept-encoding' => 'gzip, deflate',
  'accept-language' => 'zh-CN',
  'cookie' => 'thinkphp_show_page_trace=1|4; pgv_pvi=3993230336; PHPSESSID=mblduj480t91ve9okp56lh06c6',
)
[ info ] [ PARAM ] array (
)
[ info ] [ RUN ] app\database\Controller\DataBase->dbfind[ E:\AppServ\www\application\database\controller\DataBase.php ]
[ info ] [ DB ] INIT mysql
[ info ] [ LOG ] INIT File
[ sql ] [ DB ] CONNECT:[ UseTime:0.001694s ] mysql:host=127.0.0.1;dbname=thinkphp;charset=utf8
[ sql ] [ SQL ] SHOW COLUMNS FROM `tp_dbtest` [ RunTime:0.003427s ]
[ sql ] [ SQL ] SELECT * FROM `tp_dbtest` WHERE  `id` IN (0,3,5) [ RunTime:0.000591s ]
---------------------------------------------------------------
[ 2018-04-24T20:17:01+08:00 ] 127.0.0.1 GET /database/data_base/dbfind
[ info ] tp5.com/database/data_base/dbfind [运行时间：0.043552s][吞吐率：22.96req/s] [内存消耗：2,137.95kb] [文件加载：42]
[ info ] [ LANG ] E:\AppServ\www\thinkphp\lang\zh-cn.php
[ info ] [ ROUTE ] array (
  'type' => 'module',
  'module' => 
  array (
    0 => 'database',
    1 => 'data_base',
    2 => 'dbfind',
  ),
)
[ info ] [ HEADER ] array (
  'host' => 'tp5.com',
  'connection' => 'keep-alive',
  'cache-control' => 'max-age=0',
  'upgrade-insecure-requests' => '1',
  'user-agent' => 'Mozilla/5.0 (Windows NT 10.0; WOW64) AppleWebKit/537.36 (KHTML, like Gecko) Chrome/55.0.2883.75 Safari/537.36 Maxthon/5.1.3.2000',
  'accept' => 'text/html,application/xhtml+xml,application/xml;q=0.9,image/webp,*/*;q=0.8',
  'dnt' => '1',
  'accept-encoding' => 'gzip, deflate',
  'accept-language' => 'zh-CN',
  'cookie' => 'thinkphp_show_page_trace=1|4; pgv_pvi=3993230336; PHPSESSID=mblduj480t91ve9okp56lh06c6',
)
[ info ] [ PARAM ] array (
)
[ info ] [ RUN ] app\database\Controller\DataBase->dbfind[ E:\AppServ\www\application\database\controller\DataBase.php ]
[ info ] [ DB ] INIT mysql
[ info ] [ LOG ] INIT File
[ sql ] [ DB ] CONNECT:[ UseTime:0.001357s ] mysql:host=127.0.0.1;dbname=thinkphp;charset=utf8
[ sql ] [ SQL ] SHOW COLUMNS FROM `tp_dbtest` [ RunTime:0.003416s ]
[ sql ] [ SQL ] SELECT * FROM `tp_dbtest` WHERE  `id` IN (0,3,5) [ RunTime:0.000729s ]
---------------------------------------------------------------
[ 2018-04-24T20:17:14+08:00 ] 127.0.0.1 GET /database/data_base/dbfind
[ info ] tp5.com/database/data_base/dbfind [运行时间：0.040793s][吞吐率：24.51req/s] [内存消耗：2,137.95kb] [文件加载：42]
[ info ] [ LANG ] E:\AppServ\www\thinkphp\lang\zh-cn.php
[ info ] [ ROUTE ] array (
  'type' => 'module',
  'module' => 
  array (
    0 => 'database',
    1 => 'data_base',
    2 => 'dbfind',
  ),
)
[ info ] [ HEADER ] array (
  'host' => 'tp5.com',
  'connection' => 'keep-alive',
  'cache-control' => 'max-age=0',
  'upgrade-insecure-requests' => '1',
  'user-agent' => 'Mozilla/5.0 (Windows NT 10.0; WOW64) AppleWebKit/537.36 (KHTML, like Gecko) Chrome/55.0.2883.75 Safari/537.36 Maxthon/5.1.3.2000',
  'accept' => 'text/html,application/xhtml+xml,application/xml;q=0.9,image/webp,*/*;q=0.8',
  'dnt' => '1',
  'accept-encoding' => 'gzip, deflate',
  'accept-language' => 'zh-CN',
  'cookie' => 'thinkphp_show_page_trace=1|4; pgv_pvi=3993230336; PHPSESSID=mblduj480t91ve9okp56lh06c6',
)
[ info ] [ PARAM ] array (
)
[ info ] [ RUN ] app\database\Controller\DataBase->dbfind[ E:\AppServ\www\application\database\controller\DataBase.php ]
[ info ] [ DB ] INIT mysql
[ info ] [ LOG ] INIT File
[ sql ] [ DB ] CONNECT:[ UseTime:0.001352s ] mysql:host=127.0.0.1;dbname=thinkphp;charset=utf8
[ sql ] [ SQL ] SHOW COLUMNS FROM `tp_dbtest` [ RunTime:0.001033s ]
[ sql ] [ SQL ] SELECT * FROM `tp_dbtest` WHERE  `id` IN (0,5,6) [ RunTime:0.000572s ]
---------------------------------------------------------------
[ 2018-04-24T20:17:44+08:00 ] 127.0.0.1 GET /database/data_base/dbfind
[ info ] tp5.com/database/data_base/dbfind [运行时间：0.048286s][吞吐率：20.71req/s] [内存消耗：2,138.05kb] [文件加载：42]
[ info ] [ LANG ] E:\AppServ\www\thinkphp\lang\zh-cn.php
[ info ] [ ROUTE ] array (
  'type' => 'module',
  'module' => 
  array (
    0 => 'database',
    1 => 'data_base',
    2 => 'dbfind',
  ),
)
[ info ] [ HEADER ] array (
  'host' => 'tp5.com',
  'connection' => 'keep-alive',
  'cache-control' => 'max-age=0',
  'upgrade-insecure-requests' => '1',
  'user-agent' => 'Mozilla/5.0 (Windows NT 10.0; WOW64) AppleWebKit/537.36 (KHTML, like Gecko) Chrome/55.0.2883.75 Safari/537.36 Maxthon/5.1.3.2000',
  'accept' => 'text/html,application/xhtml+xml,application/xml;q=0.9,image/webp,*/*;q=0.8',
  'dnt' => '1',
  'accept-encoding' => 'gzip, deflate',
  'accept-language' => 'zh-CN',
  'cookie' => 'thinkphp_show_page_trace=1|4; pgv_pvi=3993230336; PHPSESSID=mblduj480t91ve9okp56lh06c6',
)
[ info ] [ PARAM ] array (
)
[ info ] [ RUN ] app\database\Controller\DataBase->dbfind[ E:\AppServ\www\application\database\controller\DataBase.php ]
[ info ] [ DB ] INIT mysql
[ info ] [ LOG ] INIT File
[ sql ] [ DB ] CONNECT:[ UseTime:0.001338s ] mysql:host=127.0.0.1;dbname=thinkphp;charset=utf8
[ sql ] [ SQL ] SHOW COLUMNS FROM `tp_dbtest` [ RunTime:0.001046s ]
[ sql ] [ SQL ] SELECT * FROM `tp_dbtest` WHERE  `id` IN (3,5,6) [ RunTime:0.000590s ]
---------------------------------------------------------------
[ 2018-04-24T20:17:59+08:00 ] 127.0.0.1 GET /database/data_base/dbfind
[ info ] tp5.com/database/data_base/dbfind [运行时间：0.040713s][吞吐率：24.56req/s] [内存消耗：2,137.61kb] [文件加载：42]
[ info ] [ LANG ] E:\AppServ\www\thinkphp\lang\zh-cn.php
[ info ] [ ROUTE ] array (
  'type' => 'module',
  'module' => 
  array (
    0 => 'database',
    1 => 'data_base',
    2 => 'dbfind',
  ),
)
[ info ] [ HEADER ] array (
  'host' => 'tp5.com',
  'connection' => 'keep-alive',
  'cache-control' => 'max-age=0',
  'upgrade-insecure-requests' => '1',
  'user-agent' => 'Mozilla/5.0 (Windows NT 10.0; WOW64) AppleWebKit/537.36 (KHTML, like Gecko) Chrome/55.0.2883.75 Safari/537.36 Maxthon/5.1.3.2000',
  'accept' => 'text/html,application/xhtml+xml,application/xml;q=0.9,image/webp,*/*;q=0.8',
  'dnt' => '1',
  'accept-encoding' => 'gzip, deflate',
  'accept-language' => 'zh-CN',
  'cookie' => 'thinkphp_show_page_trace=1|4; pgv_pvi=3993230336; PHPSESSID=mblduj480t91ve9okp56lh06c6',
)
[ info ] [ PARAM ] array (
)
[ info ] [ RUN ] app\database\Controller\DataBase->dbfind[ E:\AppServ\www\application\database\controller\DataBase.php ]
[ info ] [ DB ] INIT mysql
[ info ] [ LOG ] INIT File
[ sql ] [ DB ] CONNECT:[ UseTime:0.001357s ] mysql:host=127.0.0.1;dbname=thinkphp;charset=utf8
[ sql ] [ SQL ] SHOW COLUMNS FROM `tp_dbtest` [ RunTime:0.001035s ]
[ sql ] [ SQL ] SELECT * FROM `tp_dbtest` WHERE  `id` BETWEEN 3 AND 6 [ RunTime:0.000611s ]
---------------------------------------------------------------
[ 2018-04-24T20:18:08+08:00 ] 127.0.0.1 GET /database/data_base/dbfind
[ info ] tp5.com/database/data_base/dbfind [运行时间：0.046435s][吞吐率：21.54req/s] [内存消耗：2,159.75kb] [文件加载：45]
[ info ] [ LANG ] E:\AppServ\www\thinkphp\lang\zh-cn.php
[ info ] [ ROUTE ] array (
  'type' => 'module',
  'module' => 
  array (
    0 => 'database',
    1 => 'data_base',
    2 => 'dbfind',
  ),
)
[ info ] [ HEADER ] array (
  'host' => 'tp5.com',
  'connection' => 'keep-alive',
  'cache-control' => 'max-age=0',
  'upgrade-insecure-requests' => '1',
  'user-agent' => 'Mozilla/5.0 (Windows NT 10.0; WOW64) AppleWebKit/537.36 (KHTML, like Gecko) Chrome/55.0.2883.75 Safari/537.36 Maxthon/5.1.3.2000',
  'accept' => 'text/html,application/xhtml+xml,application/xml;q=0.9,image/webp,*/*;q=0.8',
  'dnt' => '1',
  'accept-encoding' => 'gzip, deflate',
  'accept-language' => 'zh-CN',
  'cookie' => 'thinkphp_show_page_trace=1|4; pgv_pvi=3993230336; PHPSESSID=mblduj480t91ve9okp56lh06c6',
)
[ info ] [ PARAM ] array (
)
[ info ] [ RUN ] app\database\Controller\DataBase->dbfind[ E:\AppServ\www\application\database\controller\DataBase.php ]
[ info ] [ DB ] INIT mysql
[ info ] [ LOG ] INIT File
[ sql ] [ DB ] CONNECT:[ UseTime:0.001394s ] mysql:host=127.0.0.1;dbname=thinkphp;charset=utf8
[ sql ] [ SQL ] SHOW COLUMNS FROM `tp_dbtest` [ RunTime:0.001068s ]
[ error ] [0]查询表达式错误:or[E:\AppServ\www\thinkphp\library\think\db\Builder.php:342]
---------------------------------------------------------------
[ 2018-04-24T20:18:46+08:00 ] 127.0.0.1 GET /database/data_base/dbfind
[ info ] tp5.com/database/data_base/dbfind [运行时间：0.041062s][吞吐率：24.35req/s] [内存消耗：2,136.47kb] [文件加载：42]
[ info ] [ LANG ] E:\AppServ\www\thinkphp\lang\zh-cn.php
[ info ] [ ROUTE ] array (
  'type' => 'module',
  'module' => 
  array (
    0 => 'database',
    1 => 'data_base',
    2 => 'dbfind',
  ),
)
[ info ] [ HEADER ] array (
  'host' => 'tp5.com',
  'connection' => 'keep-alive',
  'cache-control' => 'max-age=0',
  'upgrade-insecure-requests' => '1',
  'user-agent' => 'Mozilla/5.0 (Windows NT 10.0; WOW64) AppleWebKit/537.36 (KHTML, like Gecko) Chrome/55.0.2883.75 Safari/537.36 Maxthon/5.1.3.2000',
  'accept' => 'text/html,application/xhtml+xml,application/xml;q=0.9,image/webp,*/*;q=0.8',
  'dnt' => '1',
  'accept-encoding' => 'gzip, deflate',
  'accept-language' => 'zh-CN',
  'cookie' => 'thinkphp_show_page_trace=1|4; pgv_pvi=3993230336; PHPSESSID=mblduj480t91ve9okp56lh06c6',
)
[ info ] [ PARAM ] array (
)
[ info ] [ RUN ] app\database\Controller\DataBase->dbfind[ E:\AppServ\www\application\database\controller\DataBase.php ]
[ info ] [ DB ] INIT mysql
[ info ] [ LOG ] INIT File
[ sql ] [ DB ] CONNECT:[ UseTime:0.001426s ] mysql:host=127.0.0.1;dbname=thinkphp;charset=utf8
[ sql ] [ SQL ] SHOW COLUMNS FROM `tp_dbtest` [ RunTime:0.001029s ]
[ sql ] [ SQL ] SELECT * FROM `tp_dbtest` WHERE  `id` = 3 [ RunTime:0.000530s ]
---------------------------------------------------------------
[ 2018-04-24T20:20:08+08:00 ] 127.0.0.1 GET /database/data_base/dbfind
[ info ] tp5.com/database/data_base/dbfind [运行时间：0.048857s][吞吐率：20.47req/s] [内存消耗：2,137.52kb] [文件加载：42]
[ info ] [ LANG ] E:\AppServ\www\thinkphp\lang\zh-cn.php
[ info ] [ ROUTE ] array (
  'type' => 'module',
  'module' => 
  array (
    0 => 'database',
    1 => 'data_base',
    2 => 'dbfind',
  ),
)
[ info ] [ HEADER ] array (
  'host' => 'tp5.com',
  'connection' => 'keep-alive',
  'cache-control' => 'max-age=0',
  'upgrade-insecure-requests' => '1',
  'user-agent' => 'Mozilla/5.0 (Windows NT 10.0; WOW64) AppleWebKit/537.36 (KHTML, like Gecko) Chrome/55.0.2883.75 Safari/537.36 Maxthon/5.1.3.2000',
  'accept' => 'text/html,application/xhtml+xml,application/xml;q=0.9,image/webp,*/*;q=0.8',
  'dnt' => '1',
  'accept-encoding' => 'gzip, deflate',
  'accept-language' => 'zh-CN',
  'cookie' => 'thinkphp_show_page_trace=1|4; pgv_pvi=3993230336; PHPSESSID=mblduj480t91ve9okp56lh06c6',
)
[ info ] [ PARAM ] array (
)
[ info ] [ RUN ] app\database\Controller\DataBase->dbfind[ E:\AppServ\www\application\database\controller\DataBase.php ]
[ info ] [ DB ] INIT mysql
[ info ] [ LOG ] INIT File
[ sql ] [ DB ] CONNECT:[ UseTime:0.001469s ] mysql:host=127.0.0.1;dbname=thinkphp;charset=utf8
[ sql ] [ SQL ] SHOW COLUMNS FROM `tp_dbtest` [ RunTime:0.001188s ]
[ sql ] [ SQL ] SELECT * FROM `tp_dbtest` WHERE  `id` = 5555 OR `id` = 3 [ RunTime:0.000604s ]
---------------------------------------------------------------
[ 2018-04-24T20:20:19+08:00 ] 127.0.0.1 GET /database/data_base/dbfind
[ info ] tp5.com/database/data_base/dbfind [运行时间：0.041104s][吞吐率：24.33req/s] [内存消耗：2,137.64kb] [文件加载：42]
[ info ] [ LANG ] E:\AppServ\www\thinkphp\lang\zh-cn.php
[ info ] [ ROUTE ] array (
  'type' => 'module',
  'module' => 
  array (
    0 => 'database',
    1 => 'data_base',
    2 => 'dbfind',
  ),
)
[ info ] [ HEADER ] array (
  'host' => 'tp5.com',
  'connection' => 'keep-alive',
  'cache-control' => 'max-age=0',
  'upgrade-insecure-requests' => '1',
  'user-agent' => 'Mozilla/5.0 (Windows NT 10.0; WOW64) AppleWebKit/537.36 (KHTML, like Gecko) Chrome/55.0.2883.75 Safari/537.36 Maxthon/5.1.3.2000',
  'accept' => 'text/html,application/xhtml+xml,application/xml;q=0.9,image/webp,*/*;q=0.8',
  'dnt' => '1',
  'accept-encoding' => 'gzip, deflate',
  'accept-language' => 'zh-CN',
  'cookie' => 'thinkphp_show_page_trace=1|4; pgv_pvi=3993230336; PHPSESSID=mblduj480t91ve9okp56lh06c6',
)
[ info ] [ PARAM ] array (
)
[ info ] [ RUN ] app\database\Controller\DataBase->dbfind[ E:\AppServ\www\application\database\controller\DataBase.php ]
[ info ] [ DB ] INIT mysql
[ info ] [ LOG ] INIT File
[ sql ] [ DB ] CONNECT:[ UseTime:0.001323s ] mysql:host=127.0.0.1;dbname=thinkphp;charset=utf8
[ sql ] [ SQL ] SHOW COLUMNS FROM `tp_dbtest` [ RunTime:0.001026s ]
[ sql ] [ SQL ] SELECT * FROM `tp_dbtest` WHERE  `id` = 6 OR `id` = 2 [ RunTime:0.000573s ]
---------------------------------------------------------------
[ 2018-04-24T20:22:15+08:00 ] 127.0.0.1 GET /database/data_base/dbfind
[ info ] tp5.com/database/data_base/dbfind [运行时间：0.071409s][吞吐率：14.00req/s] [内存消耗：1,181.88kb] [文件加载：34]
[ info ] [ LANG ] E:\AppServ\www\thinkphp\lang\zh-cn.php
[ info ] [ ROUTE ] array (
  'type' => 'module',
  'module' => 
  array (
    0 => 'database',
    1 => 'data_base',
    2 => 'dbfind',
  ),
)
[ info ] [ HEADER ] array (
  'host' => 'tp5.com',
  'connection' => 'keep-alive',
  'cache-control' => 'max-age=0',
  'upgrade-insecure-requests' => '1',
  'user-agent' => 'Mozilla/5.0 (Windows NT 10.0; WOW64) AppleWebKit/537.36 (KHTML, like Gecko) Chrome/55.0.2883.75 Safari/537.36 Maxthon/5.1.3.2000',
  'accept' => 'text/html,application/xhtml+xml,application/xml;q=0.9,image/webp,*/*;q=0.8',
  'dnt' => '1',
  'accept-encoding' => 'gzip, deflate',
  'accept-language' => 'zh-CN',
  'cookie' => 'thinkphp_show_page_trace=1|4; pgv_pvi=3993230336; PHPSESSID=mblduj480t91ve9okp56lh06c6',
)
[ info ] [ PARAM ] array (
)
[ info ] [ LOG ] INIT File
[ error ] [4]语法错误: unexpected ''>6'' (T_CONSTANT_ENCAPSED_STRING)[E:\AppServ\www\application\database\controller\DataBase.php:72]
---------------------------------------------------------------
[ 2018-04-24T20:22:23+08:00 ] 127.0.0.1 GET /database/data_base/dbfind
[ info ] tp5.com/database/data_base/dbfind [运行时间：0.043929s][吞吐率：22.76req/s] [内存消耗：2,136.87kb] [文件加载：42]
[ info ] [ LANG ] E:\AppServ\www\thinkphp\lang\zh-cn.php
[ info ] [ ROUTE ] array (
  'type' => 'module',
  'module' => 
  array (
    0 => 'database',
    1 => 'data_base',
    2 => 'dbfind',
  ),
)
[ info ] [ HEADER ] array (
  'host' => 'tp5.com',
  'connection' => 'keep-alive',
  'cache-control' => 'max-age=0',
  'upgrade-insecure-requests' => '1',
  'user-agent' => 'Mozilla/5.0 (Windows NT 10.0; WOW64) AppleWebKit/537.36 (KHTML, like Gecko) Chrome/55.0.2883.75 Safari/537.36 Maxthon/5.1.3.2000',
  'accept' => 'text/html,application/xhtml+xml,application/xml;q=0.9,image/webp,*/*;q=0.8',
  'dnt' => '1',
  'accept-encoding' => 'gzip, deflate',
  'accept-language' => 'zh-CN',
  'cookie' => 'thinkphp_show_page_trace=1|4; pgv_pvi=3993230336; PHPSESSID=mblduj480t91ve9okp56lh06c6',
)
[ info ] [ PARAM ] array (
)
[ info ] [ RUN ] app\database\Controller\DataBase->dbfind[ E:\AppServ\www\application\database\controller\DataBase.php ]
[ info ] [ DB ] INIT mysql
[ info ] [ LOG ] INIT File
[ sql ] [ DB ] CONNECT:[ UseTime:0.001419s ] mysql:host=127.0.0.1;dbname=thinkphp;charset=utf8
[ sql ] [ SQL ] SHOW COLUMNS FROM `tp_dbtest` [ RunTime:0.001059s ]
[ sql ] [ SQL ] SELECT * FROM `tp_dbtest` WHERE  ( `id` >6 ) OR ( `id` <=2 ) [ RunTime:0.000598s ]
---------------------------------------------------------------
[ 2018-04-24T20:24:24+08:00 ] 127.0.0.1 GET /database/data_base/dbfind
[ info ] tp5.com/database/data_base/dbfind [运行时间：0.045538s][吞吐率：21.96req/s] [内存消耗：2,120.31kb] [文件加载：42]
[ info ] [ LANG ] E:\AppServ\www\thinkphp\lang\zh-cn.php
[ info ] [ ROUTE ] array (
  'type' => 'module',
  'module' => 
  array (
    0 => 'database',
    1 => 'data_base',
    2 => 'dbfind',
  ),
)
[ info ] [ HEADER ] array (
  'host' => 'tp5.com',
  'connection' => 'keep-alive',
  'cache-control' => 'max-age=0',
  'upgrade-insecure-requests' => '1',
  'user-agent' => 'Mozilla/5.0 (Windows NT 10.0; WOW64) AppleWebKit/537.36 (KHTML, like Gecko) Chrome/55.0.2883.75 Safari/537.36 Maxthon/5.1.3.2000',
  'accept' => 'text/html,application/xhtml+xml,application/xml;q=0.9,image/webp,*/*;q=0.8',
  'dnt' => '1',
  'accept-encoding' => 'gzip, deflate',
  'accept-language' => 'zh-CN',
  'cookie' => 'thinkphp_show_page_trace=1|4; pgv_pvi=3993230336; PHPSESSID=mblduj480t91ve9okp56lh06c6',
)
[ info ] [ PARAM ] array (
)
[ info ] [ RUN ] app\database\Controller\DataBase->dbfind[ E:\AppServ\www\application\database\controller\DataBase.php ]
[ info ] [ DB ] INIT mysql
[ info ] [ LOG ] INIT File
---------------------------------------------------------------
[ 2018-04-24T20:24:39+08:00 ] 127.0.0.1 GET /database/data_base/dbfind
[ info ] tp5.com/database/data_base/dbfind [运行时间：0.041087s][吞吐率：24.34req/s] [内存消耗：2,137.66kb] [文件加载：42]
[ info ] [ LANG ] E:\AppServ\www\thinkphp\lang\zh-cn.php
[ info ] [ ROUTE ] array (
  'type' => 'module',
  'module' => 
  array (
    0 => 'database',
    1 => 'data_base',
    2 => 'dbfind',
  ),
)
[ info ] [ HEADER ] array (
  'host' => 'tp5.com',
  'connection' => 'keep-alive',
  'cache-control' => 'max-age=0',
  'upgrade-insecure-requests' => '1',
  'user-agent' => 'Mozilla/5.0 (Windows NT 10.0; WOW64) AppleWebKit/537.36 (KHTML, like Gecko) Chrome/55.0.2883.75 Safari/537.36 Maxthon/5.1.3.2000',
  'accept' => 'text/html,application/xhtml+xml,application/xml;q=0.9,image/webp,*/*;q=0.8',
  'dnt' => '1',
  'accept-encoding' => 'gzip, deflate',
  'accept-language' => 'zh-CN',
  'cookie' => 'thinkphp_show_page_trace=1|4; pgv_pvi=3993230336; PHPSESSID=mblduj480t91ve9okp56lh06c6',
)
[ info ] [ PARAM ] array (
)
[ info ] [ RUN ] app\database\Controller\DataBase->dbfind[ E:\AppServ\www\application\database\controller\DataBase.php ]
[ info ] [ DB ] INIT mysql
[ info ] [ LOG ] INIT File
[ sql ] [ DB ] CONNECT:[ UseTime:0.001466s ] mysql:host=127.0.0.1;dbname=thinkphp;charset=utf8
[ sql ] [ SQL ] SHOW COLUMNS FROM `tp_dbtest` [ RunTime:0.001089s ]
[ sql ] [ SQL ] SELECT * FROM `tp_dbtest` WHERE  `id` BETWEEN 2 AND 6 [ RunTime:0.000594s ]
---------------------------------------------------------------
[ 2018-04-24T20:28:18+08:00 ] 127.0.0.1 GET /database/data_base/dbtable
[ info ] tp5.com/database/data_base/dbtable [运行时间：0.109094s][吞吐率：9.17req/s] [内存消耗：2,135.82kb] [文件加载：42]
[ info ] [ LANG ] E:\AppServ\www\thinkphp\lang\zh-cn.php
[ info ] [ ROUTE ] array (
  'type' => 'module',
  'module' => 
  array (
    0 => 'database',
    1 => 'data_base',
    2 => 'dbtable',
  ),
)
[ info ] [ HEADER ] array (
  'host' => 'tp5.com',
  'connection' => 'keep-alive',
  'upgrade-insecure-requests' => '1',
  'user-agent' => 'Mozilla/5.0 (Windows NT 10.0; WOW64) AppleWebKit/537.36 (KHTML, like Gecko) Chrome/55.0.2883.75 Safari/537.36 Maxthon/5.1.3.2000',
  'accept' => 'text/html,application/xhtml+xml,application/xml;q=0.9,image/webp,*/*;q=0.8',
  'dnt' => '1',
  'accept-encoding' => 'gzip, deflate',
  'accept-language' => 'zh-CN',
  'cookie' => 'thinkphp_show_page_trace=1|4; pgv_pvi=3993230336; PHPSESSID=mblduj480t91ve9okp56lh06c6',
)
[ info ] [ PARAM ] array (
)
[ info ] [ RUN ] app\database\Controller\DataBase->dbtable[ E:\AppServ\www\application\database\controller\DataBase.php ]
[ info ] [ DB ] INIT mysql
[ info ] [ LOG ] INIT File
[ sql ] [ DB ] CONNECT:[ UseTime:0.001622s ] mysql:host=127.0.0.1;dbname=thinkphp;charset=utf8
[ sql ] [ SQL ] SHOW COLUMNS FROM `tp_dbtest` [ RunTime:0.001214s ]
[ sql ] [ SQL ] UPDATE `tp_dbtest`  SET `name`='hehan'  WHERE  `name` = 'changsha' [ RunTime:0.059527s ]
---------------------------------------------------------------
[ 2018-04-24T20:28:48+08:00 ] 127.0.0.1 GET /database/data_base/dbtable
[ info ] tp5.com/database/data_base/dbtable [运行时间：0.037601s][吞吐率：26.60req/s] [内存消耗：2,116.48kb] [文件加载：42]
[ info ] [ LANG ] E:\AppServ\www\thinkphp\lang\zh-cn.php
[ info ] [ ROUTE ] array (
  'type' => 'module',
  'module' => 
  array (
    0 => 'database',
    1 => 'data_base',
    2 => 'dbtable',
  ),
)
[ info ] [ HEADER ] array (
  'host' => 'tp5.com',
  'connection' => 'keep-alive',
  'cache-control' => 'max-age=0',
  'upgrade-insecure-requests' => '1',
  'user-agent' => 'Mozilla/5.0 (Windows NT 10.0; WOW64) AppleWebKit/537.36 (KHTML, like Gecko) Chrome/55.0.2883.75 Safari/537.36 Maxthon/5.1.3.2000',
  'accept' => 'text/html,application/xhtml+xml,application/xml;q=0.9,image/webp,*/*;q=0.8',
  'dnt' => '1',
  'accept-encoding' => 'gzip, deflate',
  'accept-language' => 'zh-CN',
  'cookie' => 'thinkphp_show_page_trace=1|4; pgv_pvi=3993230336; PHPSESSID=mblduj480t91ve9okp56lh06c6',
)
[ info ] [ PARAM ] array (
)
[ info ] [ RUN ] app\database\Controller\DataBase->dbtable[ E:\AppServ\www\application\database\controller\DataBase.php ]
[ info ] [ DB ] INIT mysql
[ info ] [ LOG ] INIT File
---------------------------------------------------------------
[ 2018-04-24T20:29:15+08:00 ] 127.0.0.1 GET /database/data_base/dbtable
[ info ] tp5.com/database/data_base/dbtable [运行时间：0.037756s][吞吐率：26.49req/s] [内存消耗：2,116.48kb] [文件加载：42]
[ info ] [ LANG ] E:\AppServ\www\thinkphp\lang\zh-cn.php
[ info ] [ ROUTE ] array (
  'type' => 'module',
  'module' => 
  array (
    0 => 'database',
    1 => 'data_base',
    2 => 'dbtable',
  ),
)
[ info ] [ HEADER ] array (
  'host' => 'tp5.com',
  'connection' => 'keep-alive',
  'cache-control' => 'max-age=0',
  'upgrade-insecure-requests' => '1',
  'user-agent' => 'Mozilla/5.0 (Windows NT 10.0; WOW64) AppleWebKit/537.36 (KHTML, like Gecko) Chrome/55.0.2883.75 Safari/537.36 Maxthon/5.1.3.2000',
  'accept' => 'text/html,application/xhtml+xml,application/xml;q=0.9,image/webp,*/*;q=0.8',
  'dnt' => '1',
  'accept-encoding' => 'gzip, deflate',
  'accept-language' => 'zh-CN',
  'cookie' => 'thinkphp_show_page_trace=1|0; pgv_pvi=3993230336; PHPSESSID=mblduj480t91ve9okp56lh06c6',
)
[ info ] [ PARAM ] array (
)
[ info ] [ RUN ] app\database\Controller\DataBase->dbtable[ E:\AppServ\www\application\database\controller\DataBase.php ]
[ info ] [ DB ] INIT mysql
[ info ] [ LOG ] INIT File
---------------------------------------------------------------
[ 2018-04-24T20:30:04+08:00 ] 127.0.0.1 GET /database/data_base/dbfind
[ info ] tp5.com/database/data_base/dbfind [运行时间：0.042903s][吞吐率：23.31req/s] [内存消耗：2,137.47kb] [文件加载：42]
[ info ] [ LANG ] E:\AppServ\www\thinkphp\lang\zh-cn.php
[ info ] [ ROUTE ] array (
  'type' => 'module',
  'module' => 
  array (
    0 => 'database',
    1 => 'data_base',
    2 => 'dbfind',
  ),
)
[ info ] [ HEADER ] array (
  'host' => 'tp5.com',
  'connection' => 'keep-alive',
  'cache-control' => 'max-age=0',
  'upgrade-insecure-requests' => '1',
  'user-agent' => 'Mozilla/5.0 (Windows NT 10.0; WOW64) AppleWebKit/537.36 (KHTML, like Gecko) Chrome/55.0.2883.75 Safari/537.36 Maxthon/5.1.3.2000',
  'accept' => 'text/html,application/xhtml+xml,application/xml;q=0.9,image/webp,*/*;q=0.8',
  'dnt' => '1',
  'accept-encoding' => 'gzip, deflate',
  'accept-language' => 'zh-CN',
  'cookie' => 'thinkphp_show_page_trace=1|4; pgv_pvi=3993230336; PHPSESSID=mblduj480t91ve9okp56lh06c6',
)
[ info ] [ PARAM ] array (
)
[ info ] [ RUN ] app\database\Controller\DataBase->dbfind[ E:\AppServ\www\application\database\controller\DataBase.php ]
[ info ] [ DB ] INIT mysql
[ info ] [ LOG ] INIT File
[ sql ] [ DB ] CONNECT:[ UseTime:0.001550s ] mysql:host=127.0.0.1;dbname=thinkphp;charset=utf8
[ sql ] [ SQL ] SHOW COLUMNS FROM `tp_dbtest` [ RunTime:0.001225s ]
[ sql ] [ SQL ] SELECT * FROM `tp_dbtest` WHERE  `id` BETWEEN 2 AND 6 [ RunTime:0.000706s ]
---------------------------------------------------------------
[ 2018-04-24T20:30:07+08:00 ] 127.0.0.1 GET /database/data_base/dbtable
[ info ] tp5.com/database/data_base/dbtable [运行时间：0.037627s][吞吐率：26.58req/s] [内存消耗：2,116.48kb] [文件加载：42]
[ info ] [ LANG ] E:\AppServ\www\thinkphp\lang\zh-cn.php
[ info ] [ ROUTE ] array (
  'type' => 'module',
  'module' => 
  array (
    0 => 'database',
    1 => 'data_base',
    2 => 'dbtable',
  ),
)
[ info ] [ HEADER ] array (
  'host' => 'tp5.com',
  'connection' => 'keep-alive',
  'cache-control' => 'max-age=0',
  'upgrade-insecure-requests' => '1',
  'user-agent' => 'Mozilla/5.0 (Windows NT 10.0; WOW64) AppleWebKit/537.36 (KHTML, like Gecko) Chrome/55.0.2883.75 Safari/537.36 Maxthon/5.1.3.2000',
  'accept' => 'text/html,application/xhtml+xml,application/xml;q=0.9,image/webp,*/*;q=0.8',
  'dnt' => '1',
  'accept-encoding' => 'gzip, deflate',
  'accept-language' => 'zh-CN',
  'cookie' => 'thinkphp_show_page_trace=1|4; pgv_pvi=3993230336; PHPSESSID=mblduj480t91ve9okp56lh06c6',
)
[ info ] [ PARAM ] array (
)
[ info ] [ RUN ] app\database\Controller\DataBase->dbtable[ E:\AppServ\www\application\database\controller\DataBase.php ]
[ info ] [ DB ] INIT mysql
[ info ] [ LOG ] INIT File
---------------------------------------------------------------
[ 2018-04-24T20:30:35+08:00 ] 127.0.0.1 GET /database/data_base/dbtable
[ info ] tp5.com/database/data_base/dbtable [运行时间：0.247886s][吞吐率：4.03req/s] [内存消耗：2,132.35kb] [文件加载：42]
[ info ] [ LANG ] E:\AppServ\www\thinkphp\lang\zh-cn.php
[ info ] [ ROUTE ] array (
  'type' => 'module',
  'module' => 
  array (
    0 => 'database',
    1 => 'data_base',
    2 => 'dbtable',
  ),
)
[ info ] [ HEADER ] array (
  'host' => 'tp5.com',
  'connection' => 'keep-alive',
  'cache-control' => 'max-age=0',
  'upgrade-insecure-requests' => '1',
  'user-agent' => 'Mozilla/5.0 (Windows NT 10.0; WOW64) AppleWebKit/537.36 (KHTML, like Gecko) Chrome/55.0.2883.75 Safari/537.36 Maxthon/5.1.3.2000',
  'accept' => 'text/html,application/xhtml+xml,application/xml;q=0.9,image/webp,*/*;q=0.8',
  'dnt' => '1',
  'accept-encoding' => 'gzip, deflate',
  'accept-language' => 'zh-CN',
  'cookie' => 'thinkphp_show_page_trace=1|4; pgv_pvi=3993230336; PHPSESSID=mblduj480t91ve9okp56lh06c6',
)
[ info ] [ PARAM ] array (
)
[ info ] [ RUN ] app\database\Controller\DataBase->dbtable[ E:\AppServ\www\application\database\controller\DataBase.php ]
[ info ] [ DB ] INIT mysql
[ info ] [ LOG ] INIT File
[ sql ] [ DB ] CONNECT:[ UseTime:0.001370s ] mysql:host=127.0.0.1;dbname=thinkphp;charset=utf8
[ sql ] [ SQL ] SHOW COLUMNS FROM `tp_dbtest` [ RunTime:0.001105s ]
[ sql ] [ SQL ] INSERT INTO `tp_dbtest` (`name`) VALUES ( 'turnover' ) , ( 'Dreamer' ) [ RunTime:0.199823s ]
